TpTrace Verbose: 0 : 13996, 1, 2024/10/05, 14:58:30.661, 1343646978254, vstest.console.dll, Version: 17.11.0-release-24352-05 Current process architecture: X64
TpTrace Verbose: 0 : 13996, 1, 2024/10/05, 14:58:30.664, 1343647010822, vstest.console.dll, Runtime location: C:\Program Files\dotnet\shared\Microsoft.NETCore.App\8.0.8
TpTrace Verbose: 0 : 13996, 1, 2024/10/05, 14:58:30.667, 1343647034806, vstest.console.dll, ArtifactProcessingPostProcessModeProcessorExecutor.Initialize: ArtifactProcessingMode.Collect
TpTrace Verbose: 0 : 13996, 1, 2024/10/05, 14:58:30.667, 1343647036229, vstest.console.dll, TestSessionCorrelationIdProcessorModeProcessorExecutor.Initialize: TestSessionCorrelationId '28284_7a27ce3d-09af-4279-87c5-3f2620af6015'
TpTrace Information: 0 : 13996, 1, 2024/10/05, 14:58:30.679, 1343647154705, vstest.console.dll, FilePatternParser: The given file C:\Users\sunny.bejugam\DotNetWorkspace\BlueTreeApp\CheckoutKataApp.Tests\bin\Debug\net8.0\fine-code-coverage\build-output\CheckoutKataApp.Tests.dll is a full path.
TpTrace Verbose: 0 : 13996, 1, 2024/10/05, 14:58:30.685, 1343647220395, vstest.console.dll, TestPluginCache.DiscoverTestExtensions: finding test extensions in assemblies ends with: RuntimeProvider.dll TPluginInfo: Microsoft.VisualStudio.TestPlatform.Common.ExtensionFramework.Utilities.TestRuntimePluginInformation TExtension: Microsoft.VisualStudio.TestPlatform.ObjectModel.Host.ITestRuntimeProvider
TpTrace Verbose: 0 : 13996, 1, 2024/10/05, 14:58:30.686, 1343647224833, vstest.console.dll, TestPluginCache.GetExtensionPaths: Filtered extension paths: 
TpTrace Verbose: 0 : 13996, 1, 2024/10/05, 14:58:30.686, 1343647226116, vstest.console.dll, TestPluginCache.GetExtensionPaths: Added default extension paths: C:\Program Files\dotnet\sdk\8.0.401\Extensions\Microsoft.Diagnostics.NETCore.Client.dll
C:\Program Files\dotnet\sdk\8.0.401\Extensions\Microsoft.TestPlatform.Extensions.BlameDataCollector.dll
C:\Program Files\dotnet\sdk\8.0.401\Extensions\Microsoft.TestPlatform.Extensions.EventLogCollector.dll
C:\Program Files\dotnet\sdk\8.0.401\Extensions\Microsoft.TestPlatform.TestHostRuntimeProvider.dll
C:\Program Files\dotnet\sdk\8.0.401\Extensions\Microsoft.VisualStudio.TestPlatform.Extensions.Html.TestLogger.dll
C:\Program Files\dotnet\sdk\8.0.401\Extensions\Microsoft.VisualStudio.TestPlatform.Extensions.Trx.TestLogger.dll
TpTrace Verbose: 0 : 13996, 1, 2024/10/05, 14:58:30.686, 1343647226805, vstest.console.dll, TestPluginCache.GetExtensionPaths: Added unfilterableExtensionPaths: 
TpTrace Information: 0 : 13996, 1, 2024/10/05, 14:58:30.687, 1343647234537, vstest.console.dll, AssemblyResolver.ctor: Creating AssemblyResolver with searchDirectories C:\Program Files\dotnet\sdk\8.0.401\Extensions,C:\Program Files\dotnet\sdk\8.0.401
TpTrace Verbose: 0 : 13996, 1, 2024/10/05, 14:58:30.689, 1343647257553, vstest.console.dll, TestPluginCache.DiscoverTestExtensions: Discovering the extensions using extension path.
TpTrace Verbose: 0 : 13996, 1, 2024/10/05, 14:58:30.689, 1343647259857, vstest.console.dll, TestPluginCache.GetExtensionPaths: Filtered extension paths: 
TpTrace Verbose: 0 : 13996, 1, 2024/10/05, 14:58:30.689, 1343647260665, vstest.console.dll, TestPluginCache.GetExtensionPaths: Added default extension paths: C:\Program Files\dotnet\sdk\8.0.401\Extensions\Microsoft.Diagnostics.NETCore.Client.dll
C:\Program Files\dotnet\sdk\8.0.401\Extensions\Microsoft.TestPlatform.Extensions.BlameDataCollector.dll
C:\Program Files\dotnet\sdk\8.0.401\Extensions\Microsoft.TestPlatform.Extensions.EventLogCollector.dll
C:\Program Files\dotnet\sdk\8.0.401\Extensions\Microsoft.TestPlatform.TestHostRuntimeProvider.dll
C:\Program Files\dotnet\sdk\8.0.401\Extensions\Microsoft.VisualStudio.TestPlatform.Extensions.Html.TestLogger.dll
C:\Program Files\dotnet\sdk\8.0.401\Extensions\Microsoft.VisualStudio.TestPlatform.Extensions.Trx.TestLogger.dll
TpTrace Verbose: 0 : 13996, 1, 2024/10/05, 14:58:30.690, 1343647261222, vstest.console.dll, TestPluginCache.GetExtensionPaths: Added unfilterableExtensionPaths: 
TpTrace Verbose: 0 : 13996, 1, 2024/10/05, 14:58:30.690, 1343647262271, vstest.console.dll, TestPluginCache.DiscoverTestExtensions: Discovering the extensions using allExtensionPaths: C:\Program Files\dotnet\sdk\8.0.401\Extensions\Microsoft.Diagnostics.NETCore.Client.dll
C:\Program Files\dotnet\sdk\8.0.401\Extensions\Microsoft.TestPlatform.Extensions.BlameDataCollector.dll
C:\Program Files\dotnet\sdk\8.0.401\Extensions\Microsoft.TestPlatform.Extensions.EventLogCollector.dll
C:\Program Files\dotnet\sdk\8.0.401\Extensions\Microsoft.TestPlatform.TestHostRuntimeProvider.dll
C:\Program Files\dotnet\sdk\8.0.401\Extensions\Microsoft.VisualStudio.TestPlatform.Extensions.Html.TestLogger.dll
C:\Program Files\dotnet\sdk\8.0.401\Extensions\Microsoft.VisualStudio.TestPlatform.Extensions.Trx.TestLogger.dll
TpTrace Information: 0 : 13996, 1, 2024/10/05, 14:58:30.690, 1343647264761, vstest.console.dll, AssemblyResolver.AddSearchDirectories: Adding more searchDirectories C:\Program Files\dotnet\sdk\8.0.401\Extensions,C:\Program Files\dotnet\sdk\8.0.401
TpTrace Information: 0 : 13996, 1, 2024/10/05, 14:58:30.690, 1343647265969, vstest.console.dll, AssemblyResolver.AddSearchDirectories: Adding more searchDirectories C:\Program Files\dotnet\sdk\8.0.401\Extensions,C:\Program Files\dotnet\sdk\8.0.401
TpTrace Information: 0 : 13996, 1, 2024/10/05, 14:58:30.690, 1343647266719, vstest.console.dll, AssemblyResolver.AddSearchDirectories: Adding more searchDirectories C:\Program Files\dotnet\sdk\8.0.401\Extensions,C:\Program Files\dotnet\sdk\8.0.401
TpTrace Information: 0 : 13996, 1, 2024/10/05, 14:58:30.690, 1343647267273, vstest.console.dll, AssemblyResolver.AddSearchDirectories: Adding more searchDirectories C:\Program Files\dotnet\sdk\8.0.401\Extensions,C:\Program Files\dotnet\sdk\8.0.401
TpTrace Information: 0 : 13996, 1, 2024/10/05, 14:58:30.690, 1343647267806, vstest.console.dll, AssemblyResolver.AddSearchDirectories: Adding more searchDirectories C:\Program Files\dotnet\sdk\8.0.401\Extensions,C:\Program Files\dotnet\sdk\8.0.401
TpTrace Information: 0 : 13996, 1, 2024/10/05, 14:58:30.690, 1343647268481, vstest.console.dll, AssemblyResolver.AddSearchDirectories: Adding more searchDirectories C:\Program Files\dotnet\sdk\8.0.401\Extensions,C:\Program Files\dotnet\sdk\8.0.401
TpTrace Information: 0 : 13996, 1, 2024/10/05, 14:58:30.691, 1343647274975, vstest.console.dll, AssemblyResolver.OnResolve: Microsoft.Diagnostics.NETCore.Client: Resolving assembly.
TpTrace Information: 0 : 13996, 1, 2024/10/05, 14:58:30.691, 1343647276172, vstest.console.dll, AssemblyResolver.OnResolve: Microsoft.Diagnostics.NETCore.Client: Searching in: 'C:\Program Files\dotnet\sdk\8.0.401\Extensions'.
TpTrace Information: 0 : 13996, 1, 2024/10/05, 14:58:30.700, 1343647367889, vstest.console.dll, AssemblyResolver.OnResolve: Microsoft.Diagnostics.NETCore.Client: Loading assembly 'C:\Program Files\dotnet\sdk\8.0.401\Extensions\Microsoft.Diagnostics.NETCore.Client.dll'.
TpTrace Information: 0 : 13996, 1, 2024/10/05, 14:58:30.701, 1343647380086, vstest.console.dll, AssemblyResolver.OnResolve: Resolved assembly: Microsoft.Diagnostics.NETCore.Client, from path: C:\Program Files\dotnet\sdk\8.0.401\Extensions\Microsoft.Diagnostics.NETCore.Client.dll
TpTrace Verbose: 0 : 13996, 1, 2024/10/05, 14:58:30.707, 1343647434831, vstest.console.dll, MetadataReaderExtensionsHelper: Discovering extensions inside assembly 'Microsoft.Diagnostics.NETCore.Client, Version=0.2.10.30701, Culture=neutral, PublicKeyToken=31bf3856ad364e35' file path 'C:\Program Files\dotnet\sdk\8.0.401\Extensions\Microsoft.Diagnostics.NETCore.Client.dll'
TpTrace Information: 0 : 13996, 1, 2024/10/05, 14:58:30.713, 1343647491426, vstest.console.dll, AssemblyResolver.OnResolve: Microsoft.Bcl.AsyncInterfaces: Resolving assembly.
TpTrace Information: 0 : 13996, 1, 2024/10/05, 14:58:30.713, 1343647492532, vstest.console.dll, AssemblyResolver.OnResolve: Microsoft.Bcl.AsyncInterfaces: Searching in: 'C:\Program Files\dotnet\sdk\8.0.401\Extensions'.
TpTrace Information: 0 : 13996, 1, 2024/10/05, 14:58:30.713, 1343647493657, vstest.console.dll, AssemblyResolver.OnResolve: Microsoft.Bcl.AsyncInterfaces: Assembly path does not exist: 'C:\Program Files\dotnet\sdk\8.0.401\Extensions\Microsoft.Bcl.AsyncInterfaces.dll', returning.
TpTrace Information: 0 : 13996, 1, 2024/10/05, 14:58:30.713, 1343647495096, vstest.console.dll, AssemblyResolver.OnResolve: Microsoft.Bcl.AsyncInterfaces: Assembly path does not exist: 'C:\Program Files\dotnet\sdk\8.0.401\Extensions\Microsoft.Bcl.AsyncInterfaces.exe', returning.
TpTrace Information: 0 : 13996, 1, 2024/10/05, 14:58:30.713, 1343647495913, vstest.console.dll, AssemblyResolver.OnResolve: Microsoft.Bcl.AsyncInterfaces: Searching in: 'C:\Program Files\dotnet\sdk\8.0.401'.
TpTrace Information: 0 : 13996, 1, 2024/10/05, 14:58:30.713, 1343647496793, vstest.console.dll, AssemblyResolver.OnResolve: Microsoft.Bcl.AsyncInterfaces: Assembly path does not exist: 'C:\Program Files\dotnet\sdk\8.0.401\Microsoft.Bcl.AsyncInterfaces.dll', returning.
TpTrace Information: 0 : 13996, 1, 2024/10/05, 14:58:30.713, 1343647497646, vstest.console.dll, AssemblyResolver.OnResolve: Microsoft.Bcl.AsyncInterfaces: Assembly path does not exist: 'C:\Program Files\dotnet\sdk\8.0.401\Microsoft.Bcl.AsyncInterfaces.exe', returning.
TpTrace Information: 0 : 13996, 1, 2024/10/05, 14:58:30.713, 1343647498114, vstest.console.dll, AssemblyResolver.OnResolve: Microsoft.Bcl.AsyncInterfaces: Failed to load assembly.
TpTrace Verbose: 0 : 13996, 1, 2024/10/05, 14:58:30.713, 1343647498671, vstest.console.dll, CurrentDomainAssemblyResolve: Resolving assembly 'Microsoft.Bcl.AsyncInterfaces'.
TpTrace Information: 0 : 13996, 1, 2024/10/05, 14:58:30.713, 1343647499367, vstest.console.dll, AssemblyResolver.OnResolve: Microsoft.Bcl.AsyncInterfaces: Resolving assembly.
TpTrace Information: 0 : 13996, 1, 2024/10/05, 14:58:30.713, 1343647499888, vstest.console.dll, AssemblyResolver.OnResolve: Microsoft.Bcl.AsyncInterfaces: Resolved from cache.
TpTrace Verbose: 0 : 13996, 1, 2024/10/05, 14:58:30.713, 1343647500317, vstest.console.dll, CurrentDomainAssemblyResolve: Resolving assembly 'Microsoft.Bcl.AsyncInterfaces'.
TpTrace Verbose: 0 : 13996, 1, 2024/10/05, 14:58:30.713, 1343647500803, vstest.console.dll, CurrentDomainAssemblyResolve: Failed to resolve assembly 'Microsoft.Bcl.AsyncInterfaces'.
TpTrace Verbose: 0 : 13996, 1, 2024/10/05, 14:58:30.714, 1343647508710, vstest.console.dll, CurrentDomainAssemblyResolve: Failed to resolve assembly 'Microsoft.Bcl.AsyncInterfaces'.
TpTrace Warning: 0 : 13996, 1, 2024/10/05, 14:58:30.728, 1343647646699, vstest.console.dll, TestPluginDiscoverer: Failed to get types from assembly 'Microsoft.Diagnostics.NETCore.Client, Version=0.2.10.30701, Culture=neutral, PublicKeyToken=31bf3856ad364e35'. Error: System.Reflection.ReflectionTypeLoadException: Unable to load one or more of the requested types.
Could not load file or assembly 'Microsoft.Bcl.AsyncInterfaces, Version=6.0.0.0, Culture=neutral, PublicKeyToken=cc7b13ffcd2ddd51'. The system cannot find the file specified.
   at System.Reflection.RuntimeModule.GetTypes(RuntimeModule module)
   at System.Reflection.RuntimeModule.GetTypes()
   at Microsoft.VisualStudio.TestPlatform.Common.ExtensionFramework.TestPluginDiscoverer.GetTestExtensionsFromAssembly[TPluginInfo,TExtension](Assembly assembly, Dictionary`2 pluginInfos, String filePath) in /_/src/Microsoft.TestPlatform.Common/ExtensionFramework/TestPluginDiscoverer.cs:line 158
System.IO.FileNotFoundException: Could not load file or assembly 'Microsoft.Bcl.AsyncInterfaces, Version=6.0.0.0, Culture=neutral, PublicKeyToken=cc7b13ffcd2ddd51'. The system cannot find the file specified.
File name: 'Microsoft.Bcl.AsyncInterfaces, Version=6.0.0.0, Culture=neutral, PublicKeyToken=cc7b13ffcd2ddd51'
 ---> System.IO.FileNotFoundException: Could not load file or assembly 'Microsoft.Bcl.AsyncInterfaces, Culture=neutral, PublicKeyToken=null'. The system cannot find the file specified.
File name: 'Microsoft.Bcl.AsyncInterfaces, Culture=neutral, PublicKeyToken=null'
   at System.Reflection.RuntimeAssembly.InternalLoad(AssemblyName assemblyName, StackCrawlMark& stackMark, AssemblyLoadContext assemblyLoadContext, RuntimeAssembly requestingAssembly, Boolean throwOnFileNotFound)
   at System.Reflection.Assembly.Load(AssemblyName assemblyRef)
   at Microsoft.VisualStudio.TestPlatform.Common.ExtensionFramework.TestPluginCache.CurrentDomainAssemblyResolve(Object sender, AssemblyResolveEventArgs args) in /_/src/Microsoft.TestPlatform.Common/ExtensionFramework/TestPluginCache.cs:line 513
   at System.Runtime.Loader.AssemblyLoadContext.GetFirstResolvedAssemblyFromResolvingEvent(AssemblyName assemblyName)
   at System.Runtime.Loader.AssemblyLoadContext.ResolveUsingEvent(AssemblyName assemblyName)
   at System.Runtime.Loader.AssemblyLoadContext.ResolveUsingResolvingEvent(IntPtr gchManagedAssemblyLoadContext, AssemblyName assemblyName)
TpTrace Warning: 0 : 13996, 1, 2024/10/05, 14:58:30.728, 1343647650729, vstest.console.dll, LoaderExceptions: System.IO.FileNotFoundException: Could not load file or assembly 'Microsoft.Bcl.AsyncInterfaces, Version=6.0.0.0, Culture=neutral, PublicKeyToken=cc7b13ffcd2ddd51'. The system cannot find the file specified.
File name: 'Microsoft.Bcl.AsyncInterfaces, Version=6.0.0.0, Culture=neutral, PublicKeyToken=cc7b13ffcd2ddd51'
 ---> System.IO.FileNotFoundException: Could not load file or assembly 'Microsoft.Bcl.AsyncInterfaces, Culture=neutral, PublicKeyToken=null'. The system cannot find the file specified.
File name: 'Microsoft.Bcl.AsyncInterfaces, Culture=neutral, PublicKeyToken=null'
   at System.Reflection.RuntimeAssembly.InternalLoad(AssemblyName assemblyName, StackCrawlMark& stackMark, AssemblyLoadContext assemblyLoadContext, RuntimeAssembly requestingAssembly, Boolean throwOnFileNotFound)
   at System.Reflection.Assembly.Load(AssemblyName assemblyRef)
   at Microsoft.VisualStudio.TestPlatform.Common.ExtensionFramework.TestPluginCache.CurrentDomainAssemblyResolve(Object sender, AssemblyResolveEventArgs args) in /_/src/Microsoft.TestPlatform.Common/ExtensionFramework/TestPluginCache.cs:line 513
   at System.Runtime.Loader.AssemblyLoadContext.GetFirstResolvedAssemblyFromResolvingEvent(AssemblyName assemblyName)
   at System.Runtime.Loader.AssemblyLoadContext.ResolveUsingEvent(AssemblyName assemblyName)
   at System.Runtime.Loader.AssemblyLoadContext.ResolveUsingResolvingEvent(IntPtr gchManagedAssemblyLoadContext, AssemblyName assemblyName)
TpTrace Information: 0 : 13996, 1, 2024/10/05, 14:58:30.729, 1343647652563, vstest.console.dll, AssemblyResolver.OnResolve: Microsoft.TestPlatform.Extensions.BlameDataCollector: Resolving assembly.
TpTrace Information: 0 : 13996, 1, 2024/10/05, 14:58:30.729, 1343647653173, vstest.console.dll, AssemblyResolver.OnResolve: Microsoft.TestPlatform.Extensions.BlameDataCollector: Searching in: 'C:\Program Files\dotnet\sdk\8.0.401\Extensions'.
TpTrace Information: 0 : 13996, 1, 2024/10/05, 14:58:30.729, 1343647657273, vstest.console.dll, AssemblyResolver.OnResolve: Microsoft.TestPlatform.Extensions.BlameDataCollector: Loading assembly 'C:\Program Files\dotnet\sdk\8.0.401\Extensions\Microsoft.TestPlatform.Extensions.BlameDataCollector.dll'.
TpTrace Information: 0 : 13996, 1, 2024/10/05, 14:58:30.730, 1343647665730, vstest.console.dll, AssemblyResolver.OnResolve: Resolved assembly: Microsoft.TestPlatform.Extensions.BlameDataCollector, from path: C:\Program Files\dotnet\sdk\8.0.401\Extensions\Microsoft.TestPlatform.Extensions.BlameDataCollector.dll
TpTrace Verbose: 0 : 13996, 1, 2024/10/05, 14:58:30.730, 1343647666608, vstest.console.dll, MetadataReaderExtensionsHelper: Discovering extensions inside assembly 'Microsoft.TestPlatform.Extensions.BlameDataCollector, Version=15.0.0.0, Culture=neutral, PublicKeyToken=b03f5f7f11d50a3a' file path 'C:\Program Files\dotnet\sdk\8.0.401\Extensions\Microsoft.TestPlatform.Extensions.BlameDataCollector.dll'
TpTrace Information: 0 : 13996, 1, 2024/10/05, 14:58:30.731, 1343647678472, vstest.console.dll, AssemblyResolver.OnResolve: Microsoft.TestPlatform.Extensions.EventLogCollector: Resolving assembly.
TpTrace Information: 0 : 13996, 1, 2024/10/05, 14:58:30.731, 1343647679156, vstest.console.dll, AssemblyResolver.OnResolve: Microsoft.TestPlatform.Extensions.EventLogCollector: Searching in: 'C:\Program Files\dotnet\sdk\8.0.401\Extensions'.
TpTrace Information: 0 : 13996, 1, 2024/10/05, 14:58:30.732, 1343647682391, vstest.console.dll, AssemblyResolver.OnResolve: Microsoft.TestPlatform.Extensions.EventLogCollector: Loading assembly 'C:\Program Files\dotnet\sdk\8.0.401\Extensions\Microsoft.TestPlatform.Extensions.EventLogCollector.dll'.
TpTrace Information: 0 : 13996, 1, 2024/10/05, 14:58:30.734, 1343647706479, vstest.console.dll, AssemblyResolver.OnResolve: Resolved assembly: Microsoft.TestPlatform.Extensions.EventLogCollector, from path: C:\Program Files\dotnet\sdk\8.0.401\Extensions\Microsoft.TestPlatform.Extensions.EventLogCollector.dll
TpTrace Verbose: 0 : 13996, 1, 2024/10/05, 14:58:30.734, 1343647708183, vstest.console.dll, MetadataReaderExtensionsHelper: Discovering extensions inside assembly 'Microsoft.TestPlatform.Extensions.EventLogCollector, Version=15.0.0.0, Culture=neutral, PublicKeyToken=b03f5f7f11d50a3a' file path 'C:\Program Files\dotnet\sdk\8.0.401\Extensions\Microsoft.TestPlatform.Extensions.EventLogCollector.dll'
TpTrace Information: 0 : 13996, 1, 2024/10/05, 14:58:30.737, 1343647735478, vstest.console.dll, AssemblyResolver.OnResolve: Microsoft.TestPlatform.TestHostRuntimeProvider: Resolving assembly.
TpTrace Information: 0 : 13996, 1, 2024/10/05, 14:58:30.737, 1343647736428, vstest.console.dll, AssemblyResolver.OnResolve: Microsoft.TestPlatform.TestHostRuntimeProvider: Searching in: 'C:\Program Files\dotnet\sdk\8.0.401\Extensions'.
TpTrace Information: 0 : 13996, 1, 2024/10/05, 14:58:30.737, 1343647739297, vstest.console.dll, AssemblyResolver.OnResolve: Microsoft.TestPlatform.TestHostRuntimeProvider: Loading assembly 'C:\Program Files\dotnet\sdk\8.0.401\Extensions\Microsoft.TestPlatform.TestHostRuntimeProvider.dll'.
TpTrace Information: 0 : 13996, 1, 2024/10/05, 14:58:30.738, 1343647746246, vstest.console.dll, AssemblyResolver.OnResolve: Resolved assembly: Microsoft.TestPlatform.TestHostRuntimeProvider, from path: C:\Program Files\dotnet\sdk\8.0.401\Extensions\Microsoft.TestPlatform.TestHostRuntimeProvider.dll
TpTrace Verbose: 0 : 13996, 1, 2024/10/05, 14:58:30.738, 1343647747048, vstest.console.dll, MetadataReaderExtensionsHelper: Discovering extensions inside assembly 'Microsoft.TestPlatform.TestHostRuntimeProvider, Version=15.0.0.0, Culture=neutral, PublicKeyToken=b03f5f7f11d50a3a' file path 'C:\Program Files\dotnet\sdk\8.0.401\Extensions\Microsoft.TestPlatform.TestHostRuntimeProvider.dll'
TpTrace Information: 0 : 13996, 1, 2024/10/05, 14:58:30.741, 1343647774464, vstest.console.dll, GetTestExtensionFromType: Register extension with identifier data 'HostProvider://DefaultTestHost' and type 'Microsoft.VisualStudio.TestPlatform.CrossPlatEngine.Hosting.DefaultTestHostManager, Microsoft.TestPlatform.TestHostRuntimeProvider, Version=15.0.0.0, Culture=neutral, PublicKeyToken=b03f5f7f11d50a3a' inside file 'C:\Program Files\dotnet\sdk\8.0.401\Extensions\Microsoft.TestPlatform.TestHostRuntimeProvider.dll'
TpTrace Information: 0 : 13996, 1, 2024/10/05, 14:58:30.741, 1343647778229, vstest.console.dll, GetTestExtensionFromType: Register extension with identifier data 'HostProvider://DotnetTestHost' and type 'Microsoft.VisualStudio.TestPlatform.CrossPlatEngine.Hosting.DotnetTestHostManager, Microsoft.TestPlatform.TestHostRuntimeProvider, Version=15.0.0.0, Culture=neutral, PublicKeyToken=b03f5f7f11d50a3a' inside file 'C:\Program Files\dotnet\sdk\8.0.401\Extensions\Microsoft.TestPlatform.TestHostRuntimeProvider.dll'
TpTrace Information: 0 : 13996, 1, 2024/10/05, 14:58:30.741, 1343647779255, vstest.console.dll, AssemblyResolver.OnResolve: Microsoft.VisualStudio.TestPlatform.Extensions.Html.TestLogger: Resolving assembly.
TpTrace Information: 0 : 13996, 1, 2024/10/05, 14:58:30.741, 1343647779747, vstest.console.dll, AssemblyResolver.OnResolve: Microsoft.VisualStudio.TestPlatform.Extensions.Html.TestLogger: Searching in: 'C:\Program Files\dotnet\sdk\8.0.401\Extensions'.
TpTrace Information: 0 : 13996, 1, 2024/10/05, 14:58:30.742, 1343647784211, vstest.console.dll, AssemblyResolver.OnResolve: Microsoft.VisualStudio.TestPlatform.Extensions.Html.TestLogger: Loading assembly 'C:\Program Files\dotnet\sdk\8.0.401\Extensions\Microsoft.VisualStudio.TestPlatform.Extensions.Html.TestLogger.dll'.
TpTrace Information: 0 : 13996, 1, 2024/10/05, 14:58:30.743, 1343647793029, vstest.console.dll, AssemblyResolver.OnResolve: Resolved assembly: Microsoft.VisualStudio.TestPlatform.Extensions.Html.TestLogger, from path: C:\Program Files\dotnet\sdk\8.0.401\Extensions\Microsoft.VisualStudio.TestPlatform.Extensions.Html.TestLogger.dll
TpTrace Verbose: 0 : 13996, 1, 2024/10/05, 14:58:30.743, 1343647793848, vstest.console.dll, MetadataReaderExtensionsHelper: Discovering extensions inside assembly 'Microsoft.VisualStudio.TestPlatform.Extensions.Html.TestLogger, Version=15.0.0.0, Culture=neutral, PublicKeyToken=b03f5f7f11d50a3a' file path 'C:\Program Files\dotnet\sdk\8.0.401\Extensions\Microsoft.VisualStudio.TestPlatform.Extensions.Html.TestLogger.dll'
TpTrace Information: 0 : 13996, 1, 2024/10/05, 14:58:30.744, 1343647802071, vstest.console.dll, AssemblyResolver.OnResolve: Microsoft.VisualStudio.TestPlatform.Extensions.Trx.TestLogger: Resolving assembly.
TpTrace Information: 0 : 13996, 1, 2024/10/05, 14:58:30.744, 1343647802712, vstest.console.dll, AssemblyResolver.OnResolve: Microsoft.VisualStudio.TestPlatform.Extensions.Trx.TestLogger: Searching in: 'C:\Program Files\dotnet\sdk\8.0.401\Extensions'.
TpTrace Information: 0 : 13996, 1, 2024/10/05, 14:58:30.744, 1343647805992, vstest.console.dll, AssemblyResolver.OnResolve: Microsoft.VisualStudio.TestPlatform.Extensions.Trx.TestLogger: Loading assembly 'C:\Program Files\dotnet\sdk\8.0.401\Extensions\Microsoft.VisualStudio.TestPlatform.Extensions.Trx.TestLogger.dll'.
TpTrace Information: 0 : 13996, 1, 2024/10/05, 14:58:30.745, 1343647813702, vstest.console.dll, AssemblyResolver.OnResolve: Resolved assembly: Microsoft.VisualStudio.TestPlatform.Extensions.Trx.TestLogger, from path: C:\Program Files\dotnet\sdk\8.0.401\Extensions\Microsoft.VisualStudio.TestPlatform.Extensions.Trx.TestLogger.dll
TpTrace Verbose: 0 : 13996, 1, 2024/10/05, 14:58:30.745, 1343647814407, vstest.console.dll, MetadataReaderExtensionsHelper: Discovering extensions inside assembly 'Microsoft.VisualStudio.TestPlatform.Extensions.Trx.TestLogger, Version=15.0.0.0, Culture=neutral, PublicKeyToken=b03f5f7f11d50a3a' file path 'C:\Program Files\dotnet\sdk\8.0.401\Extensions\Microsoft.VisualStudio.TestPlatform.Extensions.Trx.TestLogger.dll'
TpTrace Verbose: 0 : 13996, 1, 2024/10/05, 14:58:30.746, 1343647822806, vstest.console.dll, TestPluginCache: Discovered the extensions using extension path ''.
TpTrace Verbose: 0 : 13996, 1, 2024/10/05, 14:58:30.746, 1343647823565, vstest.console.dll, TestPluginCache: Discoverers are ''.
TpTrace Verbose: 0 : 13996, 1, 2024/10/05, 14:58:30.746, 1343647823942, vstest.console.dll, TestPluginCache: Executors are ''.
TpTrace Verbose: 0 : 13996, 1, 2024/10/05, 14:58:30.746, 1343647824272, vstest.console.dll, TestPluginCache: Executors2 are ''.
TpTrace Verbose: 0 : 13996, 1, 2024/10/05, 14:58:30.746, 1343647824626, vstest.console.dll, TestPluginCache: Setting providers are ''.
TpTrace Verbose: 0 : 13996, 1, 2024/10/05, 14:58:30.746, 1343647824943, vstest.console.dll, TestPluginCache: Loggers are ''.
TpTrace Verbose: 0 : 13996, 1, 2024/10/05, 14:58:30.746, 1343647825695, vstest.console.dll, TestPluginCache: TestHosts are 'HostProvider://DefaultTestHost,HostProvider://DotnetTestHost'.
TpTrace Verbose: 0 : 13996, 1, 2024/10/05, 14:58:30.746, 1343647826116, vstest.console.dll, TestPluginCache: DataCollectors are ''.
TpTrace Information: 0 : 13996, 1, 2024/10/05, 14:58:30.763, 1343647996962, vstest.console.dll, RunTestsArgumentProcessor:Execute: Test run is starting.
TpTrace Verbose: 0 : 13996, 1, 2024/10/05, 14:58:30.763, 1343647998406, vstest.console.dll, RunTestsArgumentProcessor:Execute: Queuing Test run.
TpTrace Information: 0 : 13996, 1, 2024/10/05, 14:58:30.764, 1343648002622, vstest.console.dll, TestRequestManager.RunTests: run tests started.
TpTrace Information: 0 : 13996, 1, 2024/10/05, 14:58:30.765, 1343648018576, vstest.console.dll, AssemblyMetadataProvider.GetFrameworkName: Determined framework:'.NETCoreApp,Version=v8.0' for source: 'C:\Users\sunny.bejugam\DotNetWorkspace\BlueTreeApp\CheckoutKataApp.Tests\bin\Debug\net8.0\fine-code-coverage\build-output\CheckoutKataApp.Tests.dll'
TpTrace Information: 0 : 13996, 1, 2024/10/05, 14:58:30.765, 1343648020858, vstest.console.dll, Determined framework for all sources: .NETCoreApp,Version=v8.0
TpTrace Verbose: 0 : 13996, 1, 2024/10/05, 14:58:30.766, 1343648025746, vstest.console.dll, TestRequestManager.UpdateRunSettingsIfRequired: Default architecture: X64 IsDefaultTargetArchitecture: True, Current process architecture: X64 OperatingSystem: Windows.
TpTrace Information: 0 : 13996, 1, 2024/10/05, 14:58:30.768, 1343648044305, vstest.console.dll, AssemblyMetadataProvider.GetArchitecture: Determined architecture:AnyCPU info for assembly: C:\Users\sunny.bejugam\DotNetWorkspace\BlueTreeApp\CheckoutKataApp.Tests\bin\Debug\net8.0\fine-code-coverage\build-output\CheckoutKataApp.Tests.dll
TpTrace Information: 0 : 13996, 1, 2024/10/05, 14:58:30.768, 1343648045068, vstest.console.dll, Determined platform for source 'C:\Users\sunny.bejugam\DotNetWorkspace\BlueTreeApp\CheckoutKataApp.Tests\bin\Debug\net8.0\fine-code-coverage\build-output\CheckoutKataApp.Tests.dll' was AnyCPU and it will use the default plaform X64.
TpTrace Information: 0 : 13996, 1, 2024/10/05, 14:58:30.768, 1343648045524, vstest.console.dll, None of the sources provided any runnable platform, using the default platform: X64
TpTrace Information: 0 : 13996, 1, 2024/10/05, 14:58:30.768, 1343648046608, vstest.console.dll, Platform was updated to 'X64'.
TpTrace Information: 0 : 13996, 1, 2024/10/05, 14:58:30.772, 1343648081788, vstest.console.dll, InferRunSettingsHelper.IsTestSettingsEnabled: Unable to navigate to RunSettings/MSTest. Current node: RunSettings
TpTrace Information: 0 : 13996, 1, 2024/10/05, 14:58:30.773, 1343648092704, vstest.console.dll, AssemblyResolver.OnResolve: Microsoft.VisualStudio.TestPlatform.Fakes: Resolving assembly.
TpTrace Information: 0 : 13996, 1, 2024/10/05, 14:58:30.773, 1343648094120, vstest.console.dll, AssemblyResolver.OnResolve: Microsoft.VisualStudio.TestPlatform.Fakes: Searching in: 'C:\Program Files\dotnet\sdk\8.0.401\Extensions'.
TpTrace Information: 0 : 13996, 1, 2024/10/05, 14:58:30.773, 1343648095513, vstest.console.dll, AssemblyResolver.OnResolve: Microsoft.VisualStudio.TestPlatform.Fakes: Assembly path does not exist: 'C:\Program Files\dotnet\sdk\8.0.401\Extensions\Microsoft.VisualStudio.TestPlatform.Fakes.dll', returning.
TpTrace Information: 0 : 13996, 1, 2024/10/05, 14:58:30.773, 1343648096578, vstest.console.dll, AssemblyResolver.OnResolve: Microsoft.VisualStudio.TestPlatform.Fakes: Assembly path does not exist: 'C:\Program Files\dotnet\sdk\8.0.401\Extensions\Microsoft.VisualStudio.TestPlatform.Fakes.exe', returning.
TpTrace Information: 0 : 13996, 1, 2024/10/05, 14:58:30.773, 1343648097074, vstest.console.dll, AssemblyResolver.OnResolve: Microsoft.VisualStudio.TestPlatform.Fakes: Searching in: 'C:\Program Files\dotnet\sdk\8.0.401'.
TpTrace Information: 0 : 13996, 1, 2024/10/05, 14:58:30.773, 1343648097952, vstest.console.dll, AssemblyResolver.OnResolve: Microsoft.VisualStudio.TestPlatform.Fakes: Assembly path does not exist: 'C:\Program Files\dotnet\sdk\8.0.401\Microsoft.VisualStudio.TestPlatform.Fakes.dll', returning.
TpTrace Information: 0 : 13996, 1, 2024/10/05, 14:58:30.773, 1343648098796, vstest.console.dll, AssemblyResolver.OnResolve: Microsoft.VisualStudio.TestPlatform.Fakes: Assembly path does not exist: 'C:\Program Files\dotnet\sdk\8.0.401\Microsoft.VisualStudio.TestPlatform.Fakes.exe', returning.
TpTrace Information: 0 : 13996, 1, 2024/10/05, 14:58:30.773, 1343648099352, vstest.console.dll, AssemblyResolver.OnResolve: Microsoft.VisualStudio.TestPlatform.Fakes: Failed to load assembly.
TpTrace Information: 0 : 13996, 1, 2024/10/05, 14:58:30.774, 1343648102774, vstest.console.dll, Failed to load assembly Microsoft.VisualStudio.TestPlatform.Fakes, Version=17.0.0.0, Culture=neutral. Reason:System.IO.FileNotFoundException: Could not load file or assembly 'Microsoft.VisualStudio.TestPlatform.Fakes, Version=17.0.0.0, Culture=neutral, PublicKeyToken=null'. The system cannot find the file specified.
File name: 'Microsoft.VisualStudio.TestPlatform.Fakes, Version=17.0.0.0, Culture=neutral, PublicKeyToken=null'
   at System.Reflection.RuntimeAssembly.InternalLoad(AssemblyName assemblyName, StackCrawlMark& stackMark, AssemblyLoadContext assemblyLoadContext, RuntimeAssembly requestingAssembly, Boolean throwOnFileNotFound)
   at System.Reflection.Assembly.Load(AssemblyName assemblyRef)
   at Microsoft.VisualStudio.TestPlatform.Common.Utilities.FakesUtilities.LoadTestPlatformAssembly() in /_/src/Microsoft.TestPlatform.Common/Utilities/FakesUtilities.cs:line 272
TpTrace Verbose: 0 : 13996, 1, 2024/10/05, 14:58:30.777, 1343648138840, vstest.console.dll, TestPluginCache.DiscoverTestExtensions: finding test extensions in assemblies ends with: TestLogger.dll TPluginInfo: Microsoft.VisualStudio.TestPlatform.Common.ExtensionFramework.Utilities.TestLoggerPluginInformation TExtension: Microsoft.VisualStudio.TestPlatform.ObjectModel.Client.ITestLogger
TpTrace Verbose: 0 : 13996, 1, 2024/10/05, 14:58:30.777, 1343648139851, vstest.console.dll, TestPluginCache.GetExtensionPaths: Filtered extension paths: 
TpTrace Verbose: 0 : 13996, 1, 2024/10/05, 14:58:30.777, 1343648140417, vstest.console.dll, TestPluginCache.GetExtensionPaths: Added default extension paths: C:\Program Files\dotnet\sdk\8.0.401\Extensions\Microsoft.Diagnostics.NETCore.Client.dll
C:\Program Files\dotnet\sdk\8.0.401\Extensions\Microsoft.TestPlatform.Extensions.BlameDataCollector.dll
C:\Program Files\dotnet\sdk\8.0.401\Extensions\Microsoft.TestPlatform.Extensions.EventLogCollector.dll
C:\Program Files\dotnet\sdk\8.0.401\Extensions\Microsoft.TestPlatform.TestHostRuntimeProvider.dll
C:\Program Files\dotnet\sdk\8.0.401\Extensions\Microsoft.VisualStudio.TestPlatform.Extensions.Html.TestLogger.dll
C:\Program Files\dotnet\sdk\8.0.401\Extensions\Microsoft.VisualStudio.TestPlatform.Extensions.Trx.TestLogger.dll
TpTrace Verbose: 0 : 13996, 1, 2024/10/05, 14:58:30.777, 1343648140865, vstest.console.dll, TestPluginCache.GetExtensionPaths: Added unfilterableExtensionPaths: 
TpTrace Information: 0 : 13996, 1, 2024/10/05, 14:58:30.778, 1343648142358, vstest.console.dll, AssemblyResolver.AddSearchDirectories: Adding more searchDirectories C:\Program Files\dotnet\sdk\8.0.401\Extensions,C:\Program Files\dotnet\sdk\8.0.401
TpTrace Verbose: 0 : 13996, 1, 2024/10/05, 14:58:30.778, 1343648142962, vstest.console.dll, TestPluginCache.DiscoverTestExtensions: Discovering the extensions using extension path.
TpTrace Verbose: 0 : 13996, 1, 2024/10/05, 14:58:30.778, 1343648143539, vstest.console.dll, TestPluginCache.GetExtensionPaths: Filtered extension paths: 
TpTrace Verbose: 0 : 13996, 1, 2024/10/05, 14:58:30.778, 1343648144045, vstest.console.dll, TestPluginCache.GetExtensionPaths: Added default extension paths: C:\Program Files\dotnet\sdk\8.0.401\Extensions\Microsoft.Diagnostics.NETCore.Client.dll
C:\Program Files\dotnet\sdk\8.0.401\Extensions\Microsoft.TestPlatform.Extensions.BlameDataCollector.dll
C:\Program Files\dotnet\sdk\8.0.401\Extensions\Microsoft.TestPlatform.Extensions.EventLogCollector.dll
C:\Program Files\dotnet\sdk\8.0.401\Extensions\Microsoft.TestPlatform.TestHostRuntimeProvider.dll
C:\Program Files\dotnet\sdk\8.0.401\Extensions\Microsoft.VisualStudio.TestPlatform.Extensions.Html.TestLogger.dll
C:\Program Files\dotnet\sdk\8.0.401\Extensions\Microsoft.VisualStudio.TestPlatform.Extensions.Trx.TestLogger.dll
TpTrace Verbose: 0 : 13996, 1, 2024/10/05, 14:58:30.778, 1343648144480, vstest.console.dll, TestPluginCache.GetExtensionPaths: Added unfilterableExtensionPaths: 
TpTrace Verbose: 0 : 13996, 1, 2024/10/05, 14:58:30.778, 1343648144956, vstest.console.dll, TestPluginCache.DiscoverTestExtensions: Discovering the extensions using allExtensionPaths: C:\Program Files\dotnet\sdk\8.0.401\Extensions\Microsoft.Diagnostics.NETCore.Client.dll
C:\Program Files\dotnet\sdk\8.0.401\Extensions\Microsoft.TestPlatform.Extensions.BlameDataCollector.dll
C:\Program Files\dotnet\sdk\8.0.401\Extensions\Microsoft.TestPlatform.Extensions.EventLogCollector.dll
C:\Program Files\dotnet\sdk\8.0.401\Extensions\Microsoft.TestPlatform.TestHostRuntimeProvider.dll
C:\Program Files\dotnet\sdk\8.0.401\Extensions\Microsoft.VisualStudio.TestPlatform.Extensions.Html.TestLogger.dll
C:\Program Files\dotnet\sdk\8.0.401\Extensions\Microsoft.VisualStudio.TestPlatform.Extensions.Trx.TestLogger.dll
TpTrace Information: 0 : 13996, 1, 2024/10/05, 14:58:30.778, 1343648146086, vstest.console.dll, AssemblyResolver.AddSearchDirectories: Adding more searchDirectories C:\Program Files\dotnet\sdk\8.0.401\Extensions,C:\Program Files\dotnet\sdk\8.0.401
TpTrace Information: 0 : 13996, 1, 2024/10/05, 14:58:30.778, 1343648146715, vstest.console.dll, AssemblyResolver.AddSearchDirectories: Adding more searchDirectories C:\Program Files\dotnet\sdk\8.0.401\Extensions,C:\Program Files\dotnet\sdk\8.0.401
TpTrace Information: 0 : 13996, 1, 2024/10/05, 14:58:30.778, 1343648147205, vstest.console.dll, AssemblyResolver.AddSearchDirectories: Adding more searchDirectories C:\Program Files\dotnet\sdk\8.0.401\Extensions,C:\Program Files\dotnet\sdk\8.0.401
TpTrace Information: 0 : 13996, 1, 2024/10/05, 14:58:30.778, 1343648147656, vstest.console.dll, AssemblyResolver.AddSearchDirectories: Adding more searchDirectories C:\Program Files\dotnet\sdk\8.0.401\Extensions,C:\Program Files\dotnet\sdk\8.0.401
TpTrace Information: 0 : 13996, 1, 2024/10/05, 14:58:30.778, 1343648148103, vstest.console.dll, AssemblyResolver.AddSearchDirectories: Adding more searchDirectories C:\Program Files\dotnet\sdk\8.0.401\Extensions,C:\Program Files\dotnet\sdk\8.0.401
TpTrace Information: 0 : 13996, 1, 2024/10/05, 14:58:30.778, 1343648148610, vstest.console.dll, AssemblyResolver.AddSearchDirectories: Adding more searchDirectories C:\Program Files\dotnet\sdk\8.0.401\Extensions,C:\Program Files\dotnet\sdk\8.0.401
TpTrace Verbose: 0 : 13996, 1, 2024/10/05, 14:58:30.778, 1343648149782, vstest.console.dll, MetadataReaderExtensionsHelper: Discovering extensions inside assembly 'Microsoft.Diagnostics.NETCore.Client, Version=0.2.10.30701, Culture=neutral, PublicKeyToken=31bf3856ad364e35' file path 'C:\Program Files\dotnet\sdk\8.0.401\Extensions\Microsoft.Diagnostics.NETCore.Client.dll'
TpTrace Information: 0 : 13996, 1, 2024/10/05, 14:58:30.779, 1343648159206, vstest.console.dll, AssemblyResolver.OnResolve: Microsoft.Bcl.AsyncInterfaces: Resolving assembly.
TpTrace Information: 0 : 13996, 1, 2024/10/05, 14:58:30.779, 1343648159987, vstest.console.dll, AssemblyResolver.OnResolve: Microsoft.Bcl.AsyncInterfaces: Resolved from cache.
TpTrace Verbose: 0 : 13996, 1, 2024/10/05, 14:58:30.779, 1343648160498, vstest.console.dll, CurrentDomainAssemblyResolve: Resolving assembly 'Microsoft.Bcl.AsyncInterfaces'.
TpTrace Information: 0 : 13996, 1, 2024/10/05, 14:58:30.780, 1343648161262, vstest.console.dll, AssemblyResolver.OnResolve: Microsoft.Bcl.AsyncInterfaces: Resolving assembly.
TpTrace Information: 0 : 13996, 1, 2024/10/05, 14:58:30.780, 1343648161782, vstest.console.dll, AssemblyResolver.OnResolve: Microsoft.Bcl.AsyncInterfaces: Resolved from cache.
TpTrace Verbose: 0 : 13996, 1, 2024/10/05, 14:58:30.780, 1343648162343, vstest.console.dll, CurrentDomainAssemblyResolve: Resolving assembly 'Microsoft.Bcl.AsyncInterfaces'.
TpTrace Verbose: 0 : 13996, 1, 2024/10/05, 14:58:30.780, 1343648162801, vstest.console.dll, CurrentDomainAssemblyResolve: Failed to resolve assembly 'Microsoft.Bcl.AsyncInterfaces'.
TpTrace Verbose: 0 : 13996, 1, 2024/10/05, 14:58:30.780, 1343648164624, vstest.console.dll, CurrentDomainAssemblyResolve: Failed to resolve assembly 'Microsoft.Bcl.AsyncInterfaces'.
TpTrace Warning: 0 : 13996, 1, 2024/10/05, 14:58:30.780, 1343648168674, vstest.console.dll, TestPluginDiscoverer: Failed to get types from assembly 'Microsoft.Diagnostics.NETCore.Client, Version=0.2.10.30701, Culture=neutral, PublicKeyToken=31bf3856ad364e35'. Error: System.Reflection.ReflectionTypeLoadException: Unable to load one or more of the requested types.
Could not load file or assembly 'Microsoft.Bcl.AsyncInterfaces, Version=6.0.0.0, Culture=neutral, PublicKeyToken=cc7b13ffcd2ddd51'. The system cannot find the file specified.
   at System.Reflection.RuntimeModule.GetTypes(RuntimeModule module)
   at System.Reflection.RuntimeModule.GetTypes()
   at Microsoft.VisualStudio.TestPlatform.Common.ExtensionFramework.TestPluginDiscoverer.GetTestExtensionsFromAssembly[TPluginInfo,TExtension](Assembly assembly, Dictionary`2 pluginInfos, String filePath) in /_/src/Microsoft.TestPlatform.Common/ExtensionFramework/TestPluginDiscoverer.cs:line 158
System.IO.FileNotFoundException: Could not load file or assembly 'Microsoft.Bcl.AsyncInterfaces, Version=6.0.0.0, Culture=neutral, PublicKeyToken=cc7b13ffcd2ddd51'. The system cannot find the file specified.
File name: 'Microsoft.Bcl.AsyncInterfaces, Version=6.0.0.0, Culture=neutral, PublicKeyToken=cc7b13ffcd2ddd51'
 ---> System.IO.FileNotFoundException: Could not load file or assembly 'Microsoft.Bcl.AsyncInterfaces, Culture=neutral, PublicKeyToken=null'. The system cannot find the file specified.
File name: 'Microsoft.Bcl.AsyncInterfaces, Culture=neutral, PublicKeyToken=null'
   at System.Reflection.RuntimeAssembly.InternalLoad(AssemblyName assemblyName, StackCrawlMark& stackMark, AssemblyLoadContext assemblyLoadContext, RuntimeAssembly requestingAssembly, Boolean throwOnFileNotFound)
   at System.Reflection.Assembly.Load(AssemblyName assemblyRef)
   at Microsoft.VisualStudio.TestPlatform.Common.ExtensionFramework.TestPluginCache.CurrentDomainAssemblyResolve(Object sender, AssemblyResolveEventArgs args) in /_/src/Microsoft.TestPlatform.Common/ExtensionFramework/TestPluginCache.cs:line 513
   at System.Runtime.Loader.AssemblyLoadContext.GetFirstResolvedAssemblyFromResolvingEvent(AssemblyName assemblyName)
   at System.Runtime.Loader.AssemblyLoadContext.ResolveUsingEvent(AssemblyName assemblyName)
   at System.Runtime.Loader.AssemblyLoadContext.ResolveUsingResolvingEvent(IntPtr gchManagedAssemblyLoadContext, AssemblyName assemblyName)
TpTrace Warning: 0 : 13996, 1, 2024/10/05, 14:58:30.780, 1343648170679, vstest.console.dll, LoaderExceptions: System.IO.FileNotFoundException: Could not load file or assembly 'Microsoft.Bcl.AsyncInterfaces, Version=6.0.0.0, Culture=neutral, PublicKeyToken=cc7b13ffcd2ddd51'. The system cannot find the file specified.
File name: 'Microsoft.Bcl.AsyncInterfaces, Version=6.0.0.0, Culture=neutral, PublicKeyToken=cc7b13ffcd2ddd51'
 ---> System.IO.FileNotFoundException: Could not load file or assembly 'Microsoft.Bcl.AsyncInterfaces, Culture=neutral, PublicKeyToken=null'. The system cannot find the file specified.
File name: 'Microsoft.Bcl.AsyncInterfaces, Culture=neutral, PublicKeyToken=null'
   at System.Reflection.RuntimeAssembly.InternalLoad(AssemblyName assemblyName, StackCrawlMark& stackMark, AssemblyLoadContext assemblyLoadContext, RuntimeAssembly requestingAssembly, Boolean throwOnFileNotFound)
   at System.Reflection.Assembly.Load(AssemblyName assemblyRef)
   at Microsoft.VisualStudio.TestPlatform.Common.ExtensionFramework.TestPluginCache.CurrentDomainAssemblyResolve(Object sender, AssemblyResolveEventArgs args) in /_/src/Microsoft.TestPlatform.Common/ExtensionFramework/TestPluginCache.cs:line 513
   at System.Runtime.Loader.AssemblyLoadContext.GetFirstResolvedAssemblyFromResolvingEvent(AssemblyName assemblyName)
   at System.Runtime.Loader.AssemblyLoadContext.ResolveUsingEvent(AssemblyName assemblyName)
   at System.Runtime.Loader.AssemblyLoadContext.ResolveUsingResolvingEvent(IntPtr gchManagedAssemblyLoadContext, AssemblyName assemblyName)
TpTrace Verbose: 0 : 13996, 1, 2024/10/05, 14:58:30.781, 1343648171860, vstest.console.dll, MetadataReaderExtensionsHelper: Discovering extensions inside assembly 'Microsoft.TestPlatform.Extensions.BlameDataCollector, Version=15.0.0.0, Culture=neutral, PublicKeyToken=b03f5f7f11d50a3a' file path 'C:\Program Files\dotnet\sdk\8.0.401\Extensions\Microsoft.TestPlatform.Extensions.BlameDataCollector.dll'
TpTrace Information: 0 : 13996, 1, 2024/10/05, 14:58:30.781, 1343648177052, vstest.console.dll, GetTestExtensionFromType: Register extension with identifier data 'logger://Microsoft/TestPlatform/Extensions/Blame/v1' and type 'Microsoft.TestPlatform.Extensions.BlameDataCollector.BlameLogger, Microsoft.TestPlatform.Extensions.BlameDataCollector, Version=15.0.0.0, Culture=neutral, PublicKeyToken=b03f5f7f11d50a3a' inside file 'C:\Program Files\dotnet\sdk\8.0.401\Extensions\Microsoft.TestPlatform.Extensions.BlameDataCollector.dll'
TpTrace Verbose: 0 : 13996, 1, 2024/10/05, 14:58:30.781, 1343648177788, vstest.console.dll, MetadataReaderExtensionsHelper: Discovering extensions inside assembly 'Microsoft.TestPlatform.Extensions.EventLogCollector, Version=15.0.0.0, Culture=neutral, PublicKeyToken=b03f5f7f11d50a3a' file path 'C:\Program Files\dotnet\sdk\8.0.401\Extensions\Microsoft.TestPlatform.Extensions.EventLogCollector.dll'
TpTrace Verbose: 0 : 13996, 1, 2024/10/05, 14:58:30.781, 1343648181030, vstest.console.dll, MetadataReaderExtensionsHelper: Discovering extensions inside assembly 'Microsoft.TestPlatform.TestHostRuntimeProvider, Version=15.0.0.0, Culture=neutral, PublicKeyToken=b03f5f7f11d50a3a' file path 'C:\Program Files\dotnet\sdk\8.0.401\Extensions\Microsoft.TestPlatform.TestHostRuntimeProvider.dll'
TpTrace Verbose: 0 : 13996, 1, 2024/10/05, 14:58:30.782, 1343648184510, vstest.console.dll, MetadataReaderExtensionsHelper: Discovering extensions inside assembly 'Microsoft.VisualStudio.TestPlatform.Extensions.Html.TestLogger, Version=15.0.0.0, Culture=neutral, PublicKeyToken=b03f5f7f11d50a3a' file path 'C:\Program Files\dotnet\sdk\8.0.401\Extensions\Microsoft.VisualStudio.TestPlatform.Extensions.Html.TestLogger.dll'
TpTrace Information: 0 : 13996, 1, 2024/10/05, 14:58:30.782, 1343648190507, vstest.console.dll, GetTestExtensionFromType: Register extension with identifier data 'logger://Microsoft/TestPlatform/HtmlLogger/v1' and type 'Microsoft.VisualStudio.TestPlatform.Extensions.HtmlLogger.HtmlLogger, Microsoft.VisualStudio.TestPlatform.Extensions.Html.TestLogger, Version=15.0.0.0, Culture=neutral, PublicKeyToken=b03f5f7f11d50a3a' inside file 'C:\Program Files\dotnet\sdk\8.0.401\Extensions\Microsoft.VisualStudio.TestPlatform.Extensions.Html.TestLogger.dll'
TpTrace Verbose: 0 : 13996, 1, 2024/10/05, 14:58:30.783, 1343648191408, vstest.console.dll, MetadataReaderExtensionsHelper: Discovering extensions inside assembly 'Microsoft.VisualStudio.TestPlatform.Extensions.Trx.TestLogger, Version=15.0.0.0, Culture=neutral, PublicKeyToken=b03f5f7f11d50a3a' file path 'C:\Program Files\dotnet\sdk\8.0.401\Extensions\Microsoft.VisualStudio.TestPlatform.Extensions.Trx.TestLogger.dll'
TpTrace Information: 0 : 13996, 1, 2024/10/05, 14:58:30.783, 1343648195694, vstest.console.dll, GetTestExtensionFromType: Register extension with identifier data 'logger://Microsoft/TestPlatform/TrxLogger/v1' and type 'Microsoft.VisualStudio.TestPlatform.Extensions.TrxLogger.TrxLogger, Microsoft.VisualStudio.TestPlatform.Extensions.Trx.TestLogger, Version=15.0.0.0, Culture=neutral, PublicKeyToken=b03f5f7f11d50a3a' inside file 'C:\Program Files\dotnet\sdk\8.0.401\Extensions\Microsoft.VisualStudio.TestPlatform.Extensions.Trx.TestLogger.dll'
TpTrace Verbose: 0 : 13996, 1, 2024/10/05, 14:58:30.783, 1343648196588, vstest.console.dll, TestPluginCache: Discovered the extensions using extension path ''.
TpTrace Verbose: 0 : 13996, 1, 2024/10/05, 14:58:30.783, 1343648197062, vstest.console.dll, TestPluginCache: Discoverers are ''.
TpTrace Verbose: 0 : 13996, 1, 2024/10/05, 14:58:30.783, 1343648197465, vstest.console.dll, TestPluginCache: Executors are ''.
TpTrace Verbose: 0 : 13996, 1, 2024/10/05, 14:58:30.783, 1343648197885, vstest.console.dll, TestPluginCache: Executors2 are ''.
TpTrace Verbose: 0 : 13996, 1, 2024/10/05, 14:58:30.783, 1343648198282, vstest.console.dll, TestPluginCache: Setting providers are ''.
TpTrace Verbose: 0 : 13996, 1, 2024/10/05, 14:58:30.783, 1343648199110, vstest.console.dll, TestPluginCache: Loggers are 'logger://Microsoft/TestPlatform/Extensions/Blame/v1,logger://Microsoft/TestPlatform/HtmlLogger/v1,logger://Microsoft/TestPlatform/TrxLogger/v1'.
TpTrace Verbose: 0 : 13996, 1, 2024/10/05, 14:58:30.783, 1343648199825, vstest.console.dll, TestPluginCache: TestHosts are 'HostProvider://DefaultTestHost,HostProvider://DotnetTestHost'.
TpTrace Verbose: 0 : 13996, 1, 2024/10/05, 14:58:30.783, 1343648200251, vstest.console.dll, TestPluginCache: DataCollectors are ''.
TpTrace Information: 0 : 13996, 1, 2024/10/05, 14:58:30.784, 1343648209101, vstest.console.dll, TestPluginManager.CreateTestExtension: Attempting to load test extension: Microsoft.TestPlatform.Extensions.BlameDataCollector.BlameLogger
TpTrace Verbose: 0 : 13996, 1, 2024/10/05, 14:58:30.793, 1343648298528, vstest.console.dll, TestEngine: Initializing Parallel Execution as MaxCpuCount is set to: 1
TpTrace Information: 0 : 13996, 1, 2024/10/05, 14:58:30.795, 1343648315270, vstest.console.dll, TestPluginManager.CreateTestExtension: Attempting to load test extension: Microsoft.VisualStudio.TestPlatform.CrossPlatEngine.Hosting.DefaultTestHostManager
TpTrace Information: 0 : 13996, 1, 2024/10/05, 14:58:30.796, 1343648328195, vstest.console.dll, TestPluginManager.CreateTestExtension: Attempting to load test extension: Microsoft.VisualStudio.TestPlatform.CrossPlatEngine.Hosting.DotnetTestHostManager
TpTrace Verbose: 0 : 13996, 1, 2024/10/05, 14:58:30.796, 1343648330893, vstest.console.dll, TestHostManagerCallbacks.ctor: Forwarding output is enabled.
TpTrace Information: 0 : 13996, 1, 2024/10/05, 14:58:30.797, 1343648335312, vstest.console.dll, InferRunSettingsHelper.IsTestSettingsEnabled: Unable to navigate to RunSettings/MSTest. Current node: RunSettings
TpTrace Verbose: 0 : 13996, 1, 2024/10/05, 14:58:30.798, 1343648346429, vstest.console.dll, ParallelOperationManager.ClearSlots: Clearing all slots. Slots should accept more work: True
TpTrace Verbose: 0 : 13996, 1, 2024/10/05, 14:58:30.799, 1343648354258, vstest.console.dll, ParallelOperationManager.SetOccupiedSlotCount: Setting slot counts AvailableSlotCount = 1, OccupiedSlotCount = 0.
TpTrace Verbose: 0 : 13996, 1, 2024/10/05, 14:58:30.799, 1343648357865, vstest.console.dll, Occupied slots:

TpTrace Verbose: 0 : 13996, 1, 2024/10/05, 14:58:30.803, 1343648394638, vstest.console.dll, TestEngine.GetExecutionManager: Chosen execution manager 'Microsoft.VisualStudio.TestPlatform.CrossPlatEngine.Client.Parallel.ParallelProxyExecutionManager, Microsoft.TestPlatform.CrossPlatEngine, Version=15.0.0.0, Culture=neutral, PublicKeyToken=b03f5f7f11d50a3a' ParallelLevel '1'.
TpTrace Verbose: 0 : 13996, 1, 2024/10/05, 14:58:30.803, 1343648396266, vstest.console.dll, TestPlatform.GetSkipDefaultAdapters: Not skipping default adapters SkipDefaultAdapters was false.
TpTrace Verbose: 0 : 13996, 1, 2024/10/05, 14:58:30.803, 1343648397410, vstest.console.dll, TestRunRequest.ExecuteAsync: Creating test run request.
TpTrace Verbose: 0 : 13996, 1, 2024/10/05, 14:58:30.803, 1343648399718, vstest.console.dll, TestRunRequest.ExecuteAsync: Starting.
TpTrace Information: 0 : 13996, 1, 2024/10/05, 14:58:30.805, 1343648413404, vstest.console.dll, TestRunRequest.ExecuteAsync: Starting run with settings:TestRunCriteria:
   KeepAlive=False,FrequencyOfRunStatsChangeEvent=10,RunStatsChangeEventTimeout=00:00:01.5000000,TestCaseFilter=,TestExecutorLauncher=
   Settingsxml=<RunSettings>
  <RunConfiguration>
    <ResultsDirectory>C:\Users\sunny.bejugam\DotNetWorkspace\BlueTreeApp\CheckoutKataApp.Tests\bin\Debug\net8.0\fine-code-coverage\coverage-tool-output</ResultsDirectory>
    <TargetPlatform>X64</TargetPlatform>
    <TargetFrameworkVersion>.NETCoreApp,Version=v8.0</TargetFrameworkVersion>
    <DesignMode>False</DesignMode>
    <CollectSourceInformation>False</CollectSourceInformation>
  </RunConfiguration>
  <LoggerRunSettings>
    <Loggers>
      <Logger friendlyName="blame" enabled="True" />
      <Logger friendlyName="Console" uri="logger://microsoft/TestPlatform/ConsoleLogger/v1" assemblyQualifiedName="Microsoft.VisualStudio.TestPlatform.CommandLine.Internal.ConsoleLogger, vstest.console, Version=15.0.0.0, Culture=neutral, PublicKeyToken=b03f5f7f11d50a3a" codeBase="C:\Program Files\dotnet\sdk\8.0.401\vstest.console.dll" enabled="True" />
    </Loggers>
  </LoggerRunSettings>
  <DataCollectionRunSettings>
    <DataCollectors>
      <DataCollector friendlyName="blame" enabled="True">
        <Configuration>
          <ResultsDirectory>C:\Users\sunny.bejugam\DotNetWorkspace\BlueTreeApp\CheckoutKataApp.Tests\bin\Debug\net8.0\fine-code-coverage\coverage-tool-output</ResultsDirectory>
        </Configuration>
      </DataCollector>
    </DataCollectors>
  </DataCollectionRunSettings>
</RunSettings>

TpTrace Verbose: 0 : 13996, 1, 2024/10/05, 14:58:30.805, 1343648414300, vstest.console.dll, TestRunRequest.ExecuteAsync: Wait for the first run request is over.
TpTrace Verbose: 0 : 13996, 1, 2024/10/05, 14:58:30.805, 1343648418212, vstest.console.dll, MulticastDelegateUtilities.SafeInvoke: TestRun.TestRunStart: Invoking callbacks was skipped because there are no subscribers.
TpTrace Verbose: 0 : 13996, 4, 2024/10/05, 14:58:30.805, 1343648420252, vstest.console.dll, MulticastDelegateUtilities.SafeInvoke: InternalTestLoggerEvents.SendTestRunStart: Invoking callback 1/1 for Microsoft.VisualStudio.TestPlatform.CommandLine.Internal.ConsoleLogger., took 0 ms.
TpTrace Verbose: 0 : 13996, 1, 2024/10/05, 14:58:30.806, 1343648429270, vstest.console.dll, ParallelProxyExecutionManager: Start execution. Total sources: 1
TpTrace Verbose: 0 : 13996, 1, 2024/10/05, 14:58:30.807, 1343648433024, vstest.console.dll, ParallelOperationManager.StartWork: Starting adding 1 workloads.
TpTrace Verbose: 0 : 13996, 1, 2024/10/05, 14:58:30.807, 1343648433918, vstest.console.dll, ParallelOperationManager.ClearSlots: Clearing all slots. Slots should accept more work: True
TpTrace Verbose: 0 : 13996, 1, 2024/10/05, 14:58:30.807, 1343648434901, vstest.console.dll, ParallelOperationManager.SetOccupiedSlotCount: Setting slot counts AvailableSlotCount = 1, OccupiedSlotCount = 0.
TpTrace Verbose: 0 : 13996, 1, 2024/10/05, 14:58:30.807, 1343648435518, vstest.console.dll, Occupied slots:

TpTrace Verbose: 0 : 13996, 1, 2024/10/05, 14:58:30.808, 1343648448459, vstest.console.dll, TestHostManagerCallbacks.ctor: Forwarding output is enabled.
TpTrace Verbose: 0 : 13996, 1, 2024/10/05, 14:58:30.809, 1343648451654, vstest.console.dll, TestRequestSender is acting as server.
TpTrace Verbose: 0 : 13996, 1, 2024/10/05, 14:58:30.810, 1343648469069, vstest.console.dll, ParallelOperationManager.RunWorkInParallel: Adding 1 workload to slot, remaining workloads 0.
TpTrace Verbose: 0 : 13996, 1, 2024/10/05, 14:58:30.810, 1343648469869, vstest.console.dll, ParallelOperationManager.SetOccupiedSlotCount: Setting slot counts AvailableSlotCount = 0, OccupiedSlotCount = 1.
TpTrace Verbose: 0 : 13996, 1, 2024/10/05, 14:58:30.810, 1343648471137, vstest.console.dll, Occupied slots:
0: C:\Users\sunny.bejugam\DotNetWorkspace\BlueTreeApp\CheckoutKataApp.Tests\bin\Debug\net8.0\fine-code-coverage\build-output\CheckoutKataApp.Tests.dll
TpTrace Verbose: 0 : 13996, 1, 2024/10/05, 14:58:30.812, 1343648482804, vstest.console.dll, ParallelOperationManager.RunWorkInParallel: Started host in slot number 0 for work (source): C:\Users\sunny.bejugam\DotNetWorkspace\BlueTreeApp\CheckoutKataApp.Tests\bin\Debug\net8.0\fine-code-coverage\build-output\CheckoutKataApp.Tests.dll.
TpTrace Verbose: 0 : 13996, 1, 2024/10/05, 14:58:30.813, 1343648493800, vstest.console.dll, ParallelOperationManager.RunWorkInParallel: We started 1 work items, which is the max parallel level. Won't start more work.
TpTrace Verbose: 0 : 13996, 1, 2024/10/05, 14:58:30.813, 1343648494532, vstest.console.dll, ParallelOperationManager.RunWorkInParallel: We started 1 work items in here, returning True.
TpTrace Information: 0 : 13996, 1, 2024/10/05, 14:58:30.813, 1343648495126, vstest.console.dll, TestRunRequest.ExecuteAsync: Started.
TpTrace Verbose: 0 : 13996, 5, 2024/10/05, 14:58:30.813, 1343648495756, vstest.console.dll, ParallelProxyExecutionManager.StartTestRunOnConcurrentManager: Initializing uninitialized client. Started clients: 0
TpTrace Verbose: 0 : 13996, 5, 2024/10/05, 14:58:30.813, 1343648497400, vstest.console.dll, DataCollectionRequestSender.InitializeCommunication : Initialize communication. 
TpTrace Verbose: 0 : 13996, 1, 2024/10/05, 14:58:30.814, 1343648501544, vstest.console.dll, TestRunRequest.WaitForCompletion: Waiting with timeout -1.
TpTrace Information: 0 : 13996, 5, 2024/10/05, 14:58:30.823, 1343648597747, vstest.console.dll, Listening on Endpoint : 127.0.0.1:55753
TpTrace Verbose: 0 : 13996, 5, 2024/10/05, 14:58:30.830, 1343648667940, vstest.console.dll, DotnetDataCollectionLauncher: Adding  --runtimeconfig "C:\Program Files\dotnet\sdk\8.0.401\datacollector.runtimeconfig.json" in args
TpTrace Verbose: 0 : 13996, 5, 2024/10/05, 14:58:30.830, 1343648669580, vstest.console.dll, DotnetDataCollectionLauncher: Adding  --depsfile "C:\Program Files\dotnet\sdk\8.0.401\datacollector.deps.json" in args
TpTrace Verbose: 0 : 13996, 5, 2024/10/05, 14:58:30.831, 1343648677263, vstest.console.dll, DotnetDataCollectionLauncher: Full path of dotnet.exe is C:\Program Files\dotnet\dotnet.exe
TpTrace Information: 0 : 13996, 5, 2024/10/05, 14:58:30.842, 1343648784228, vstest.console.dll, ProxyDataCollectionManager.Initialize: Launched datacollector processId: 32920 port: 55753
TpTrace Information: 0 : 13996, 5, 2024/10/05, 14:58:30.842, 1343648786703, vstest.console.dll, ProxyDataCollectionManager.Initialize: waiting for connection with timeout: 90 seconds
TpTrace Verbose: 0 : 13996, 5, 2024/10/05, 14:58:30.842, 1343648787903, vstest.console.dll, DataCollectionRequestSender.WaitForRequestHandlerConnection : Waiting for connection with timeout: 90000
TpTrace Information: 0 : 13996, 7, 2024/10/05, 14:58:31.102, 1343651390596, vstest.console.dll, Using the buffer size of 16384 bytes
TpTrace Verbose: 0 : 13996, 5, 2024/10/05, 14:58:31.102, 1343651390833, vstest.console.dll, SocketCommunicationManager.WaitForClientConnection took: 260 ms, with 90000 ms timeout, and finished with True.
TpTrace Information: 0 : 13996, 7, 2024/10/05, 14:58:31.103, 1343651392235, vstest.console.dll, Accepted Client request and set the flag
TpTrace Verbose: 0 : 13996, 5, 2024/10/05, 14:58:31.103, 1343651394183, vstest.console.dll, ProxyDataCollectionManager.InvokeDataCollectionServiceAction: Starting.
TpTrace Information: 0 : 13996, 5, 2024/10/05, 14:58:31.103, 1343651395611, vstest.console.dll, ProxyDataCollectionManager.BeforeTestRunStart: Get environment variable and port for datacollector processId: 32920 port: 55753
TpTrace Verbose: 0 : 13996, 5, 2024/10/05, 14:58:31.103, 1343651397594, vstest.console.dll, DataCollectionRequestSender.SendBeforeTestRunStartAndGetResult: Send BeforeTestRunStart message with settingsXml <RunSettings><RunConfiguration><ResultsDirectory>C:\Users\sunny.bejugam\DotNetWorkspace\BlueTreeApp\CheckoutKataApp.Tests\bin\Debug\net8.0\fine-code-coverage\coverage-tool-output</ResultsDirectory><TargetPlatform>X64</TargetPlatform><TargetFrameworkVersion>.NETCoreApp,Version=v8.0</TargetFrameworkVersion><DesignMode>False</DesignMode><CollectSourceInformation>False</CollectSourceInformation><TestAdaptersPaths>C:\Program Files\dotnet\sdk\8.0.401\Extensions</TestAdaptersPaths></RunConfiguration><LoggerRunSettings><Loggers><Logger friendlyName="blame" enabled="True" /><Logger friendlyName="Console" uri="logger://microsoft/TestPlatform/ConsoleLogger/v1" assemblyQualifiedName="Microsoft.VisualStudio.TestPlatform.CommandLine.Internal.ConsoleLogger, vstest.console, Version=15.0.0.0, Culture=neutral, PublicKeyToken=b03f5f7f11d50a3a" codeBase="C:\Program Files\dotnet\sdk\8.0.401\vstest.console.dll" enabled="True" /></Loggers></LoggerRunSettings><DataCollectionRunSettings><DataCollectors><DataCollector friendlyName="blame" enabled="True"><Configuration><ResultsDirectory>C:\Users\sunny.bejugam\DotNetWorkspace\BlueTreeApp\CheckoutKataApp.Tests\bin\Debug\net8.0\fine-code-coverage\coverage-tool-output</ResultsDirectory></Configuration></DataCollector></DataCollectors></DataCollectionRunSettings></RunSettings> and sources System.Collections.Generic.List`1[System.String]: 
TpTrace Verbose: 0 : 13996, 5, 2024/10/05, 14:58:31.167, 1343652037135, vstest.console.dll, DataCollectionRequestSender.SendBeforeTestRunStartAndGetResult: Received message: (DataCollection.SendMessage) -> {"MessageType":"DataCollection.SendMessage","Payload":{"FriendlyName":null,"Uri":null,"TestCaseId":"00000000-0000-0000-0000-000000000000","Message":"Logging DataCollector Diagnostics in file: C:\\Users\\sunny.bejugam\\DotNetWorkspace\\BlueTreeApp\\CheckoutKataApp.Tests\\bin\\Debug\\net8.0\\fine-code-coverage\\coverage-tool-output\\diagnostics.datacollector.24-10-05_14-58-30_83040_5.log","Level":0}}
TpTrace Verbose: 0 : 13996, 5, 2024/10/05, 14:58:31.267, 1343653033597, vstest.console.dll, DataCollectionRequestSender.SendBeforeTestRunStartAndGetResult: Received message: (DataCollection.BeforeTestRunStartResult) -> {"MessageType":"DataCollection.BeforeTestRunStartResult","Payload":{"EnvironmentVariables":{},"DataCollectionEventsPort":55755}}
TpTrace Information: 0 : 13996, 5, 2024/10/05, 14:58:31.271, 1343653078702, vstest.console.dll, ProxyDataCollectionManager.BeforeTestRunStart: SendBeforeTestRunStartAndGetResult successful, env variable from datacollector:   and testhost port: 55755
TpTrace Information: 0 : 13996, 5, 2024/10/05, 14:58:31.271, 1343653081109, vstest.console.dll, ProxyDataCollectionManager.InvokeDataCollectionServiceAction: Completed.
TpTrace Verbose: 0 : 13996, 5, 2024/10/05, 14:58:31.272, 1343653081888, vstest.console.dll, ParallelProxyExecutionManager.StartTestRunOnConcurrentManager: Initializing test run. Started clients: 0
TpTrace Verbose: 0 : 13996, 5, 2024/10/05, 14:58:31.272, 1343653083352, vstest.console.dll, ProxyExecutionManager: Test host is always Lazy initialize.
TpTrace Verbose: 0 : 13996, 5, 2024/10/05, 14:58:31.272, 1343653087252, vstest.console.dll, TestRequestSender.InitializeCommunication: initialize communication. 
TpTrace Information: 0 : 13996, 5, 2024/10/05, 14:58:31.273, 1343653092210, vstest.console.dll, SocketServer.Start: Listening on endpoint : 127.0.0.1:55756
TpTrace Verbose: 0 : 13996, 5, 2024/10/05, 14:58:31.273, 1343653099110, vstest.console.dll, DotnetTestHostmanager.GetTestHostProcessStartInfo: Platform environment 'X64' target architecture 'X64' framework '.NETCoreApp,Version=v8.0' OS 'Windows'
TpTrace Verbose: 0 : 13996, 5, 2024/10/05, 14:58:31.274, 1343653101383, vstest.console.dll, DotnetTestHostmanager: Adding  --runtimeconfig "C:\Users\sunny.bejugam\DotNetWorkspace\BlueTreeApp\CheckoutKataApp.Tests\bin\Debug\net8.0\fine-code-coverage\build-output\CheckoutKataApp.Tests.runtimeconfig.json" in args
TpTrace Verbose: 0 : 13996, 5, 2024/10/05, 14:58:31.274, 1343653102439, vstest.console.dll, DotnetTestHostmanager: Adding  --depsfile "C:\Users\sunny.bejugam\DotNetWorkspace\BlueTreeApp\CheckoutKataApp.Tests\bin\Debug\net8.0\fine-code-coverage\build-output\CheckoutKataApp.Tests.deps.json" in args
TpTrace Verbose: 0 : 13996, 5, 2024/10/05, 14:58:31.274, 1343653104077, vstest.console.dll, DotnetTestHostmanager.IsWinOnArm: Current PROCESSOR_ARCHITECTURE from environment variable 'AMD64'
TpTrace Verbose: 0 : 13996, 5, 2024/10/05, 14:58:31.274, 1343653104760, vstest.console.dll, DotnetTestHostmanager.IsWinOnArm: Is Windows on ARM 'False'
TpTrace Verbose: 0 : 13996, 5, 2024/10/05, 14:58:31.274, 1343653105865, vstest.console.dll, DotnetTestHostManager: testhost.exe found at path: C:\Users\sunny.bejugam\DotNetWorkspace\BlueTreeApp\CheckoutKataApp.Tests\bin\Debug\net8.0\fine-code-coverage\build-output\testhost.exe
TpTrace Verbose: 0 : 13996, 5, 2024/10/05, 14:58:31.274, 1343653106351, vstest.console.dll, DotnetTestHostmanager: Full path of host exe is C:\Users\sunny.bejugam\DotNetWorkspace\BlueTreeApp\CheckoutKataApp.Tests\bin\Debug\net8.0\fine-code-coverage\build-output\testhost.exe
TpTrace Verbose: 0 : 13996, 5, 2024/10/05, 14:58:31.274, 1343653107649, vstest.console.dll, DotnetTestHostmanager.LaunchTestHostAsync: Found 'VSTEST_WINAPPHOST_DOTNET_ROOT' in env variables, value 'C:\Program Files\dotnet', forwarding to 'DOTNET_ROOT'
TpTrace Verbose: 0 : 13996, 5, 2024/10/05, 14:58:31.274, 1343653108950, vstest.console.dll, DotnetTestHostManager: Starting process 'C:\Users\sunny.bejugam\DotNetWorkspace\BlueTreeApp\CheckoutKataApp.Tests\bin\Debug\net8.0\fine-code-coverage\build-output\testhost.exe' with command line ' --runtimeconfig "C:\Users\sunny.bejugam\DotNetWorkspace\BlueTreeApp\CheckoutKataApp.Tests\bin\Debug\net8.0\fine-code-coverage\build-output\CheckoutKataApp.Tests.runtimeconfig.json" --depsfile "C:\Users\sunny.bejugam\DotNetWorkspace\BlueTreeApp\CheckoutKataApp.Tests\bin\Debug\net8.0\fine-code-coverage\build-output\CheckoutKataApp.Tests.deps.json" --port 55756 --endpoint 127.0.0.1:055756 --role client --parentprocessid 13996 --diag "C:\Users\sunny.bejugam\DotNetWorkspace\BlueTreeApp\CheckoutKataApp.Tests\bin\Debug\net8.0\fine-code-coverage\coverage-tool-output\diagnostics.host.24-10-05_14-58-31_27341_5.log" --tracelevel 4 --datacollectionport 55755 --telemetryoptedin false'
TpTrace Verbose: 0 : 13996, 5, 2024/10/05, 14:58:31.285, 1343653219343, vstest.console.dll, MulticastDelegateUtilities.SafeInvoke: HostProviderEvents.OnHostLaunched: Invoking callback 1/2 for Microsoft.VisualStudio.TestPlatform.CrossPlatEngine.Client.ProxyExecutionManagerWithDataCollection., took 5 ms.
TpTrace Verbose: 0 : 13996, 5, 2024/10/05, 14:58:31.286, 1343653224282, vstest.console.dll, Test Runtime launched
TpTrace Verbose: 0 : 13996, 5, 2024/10/05, 14:58:31.286, 1343653225139, vstest.console.dll, MulticastDelegateUtilities.SafeInvoke: HostProviderEvents.OnHostLaunched: Invoking callback 2/2 for Microsoft.VisualStudio.TestPlatform.CrossPlatEngine.Client.ProxyOperationManager., took 0 ms.
TpTrace Verbose: 0 : 13996, 5, 2024/10/05, 14:58:31.286, 1343653227422, vstest.console.dll, TestRequestSender.WaitForRequestHandlerConnection: waiting for connection with timeout: 90000.
TpTrace Verbose: 0 : 13996, 13, 2024/10/05, 14:58:31.571, 1343656076504, vstest.console.dll, MulticastDelegateUtilities.SafeInvoke: SocketServer: ClientConnected: Invoking callback 1/1 for Microsoft.VisualStudio.TestPlatform.CommunicationUtilities.TestRequestSender., took 0 ms.
TpTrace Verbose: 0 : 13996, 5, 2024/10/05, 14:58:31.571, 1343656076734, vstest.console.dll, TestRequestSender.WaitForRequestHandlerConnection: waiting took 284 ms, with timeout 90000 ms, and result 0, which is success.
TpTrace Verbose: 0 : 13996, 13, 2024/10/05, 14:58:31.571, 1343656078589, vstest.console.dll, SocketServer.OnClientConnected: Client connected for endPoint: 127.0.0.1:55756, starting MessageLoopAsync:
TpTrace Verbose: 0 : 13996, 14, 2024/10/05, 14:58:31.572, 1343656090154, vstest.console.dll, TcpClientExtensions.MessageLoopAsync: Polling on remoteEndPoint: 127.0.0.1:55757 localEndPoint: 127.0.0.1:55756 after 0 ms
TpTrace Verbose: 0 : 13996, 5, 2024/10/05, 14:58:31.573, 1343656096340, vstest.console.dll, TestRequestSender.CheckVersionWithTestHost: Sending check version message: {"MessageType":"ProtocolVersion","Payload":7}
TpTrace Verbose: 0 : 13996, 14, 2024/10/05, 14:58:31.675, 1343657114196, vstest.console.dll, TcpClientExtensions.MessageLoopAsync: NotifyDataAvailable remoteEndPoint: 127.0.0.1:55757 localEndPoint: 127.0.0.1:55756
TpTrace Verbose: 0 : 13996, 14, 2024/10/05, 14:58:31.675, 1343657116588, vstest.console.dll, TestRequestSender.CheckVersionWithTestHost: onMessageReceived received message: (ProtocolVersion) -> {"MessageType":"ProtocolVersion","Payload":7}
TpTrace Verbose: 0 : 13996, 14, 2024/10/05, 14:58:31.676, 1343657121897, vstest.console.dll, MulticastDelegateUtilities.SafeInvoke: LengthPrefixCommunicationChannel: MessageReceived: Invoking callback 1/1 for Microsoft.VisualStudio.TestPlatform.CommunicationUtilities.TestRequestSender+<>c__DisplayClass29_0., took 0 ms.
TpTrace Verbose: 0 : 13996, 14, 2024/10/05, 14:58:31.676, 1343657123007, vstest.console.dll, TcpClientExtensions.MessageLoopAsync: Polling on remoteEndPoint: 127.0.0.1:55757 localEndPoint: 127.0.0.1:55756 after 103 ms
TpTrace Verbose: 0 : 13996, 5, 2024/10/05, 14:58:31.676, 1343657123266, vstest.console.dll, TestPluginCache.GetExtensionPaths: Filtered extension paths: 
TpTrace Verbose: 0 : 13996, 5, 2024/10/05, 14:58:31.676, 1343657125337, vstest.console.dll, TestPluginCache.GetExtensionPaths: Added default extension paths: C:\Program Files\dotnet\sdk\8.0.401\Extensions\Microsoft.Diagnostics.NETCore.Client.dll
C:\Program Files\dotnet\sdk\8.0.401\Extensions\Microsoft.TestPlatform.Extensions.BlameDataCollector.dll
C:\Program Files\dotnet\sdk\8.0.401\Extensions\Microsoft.TestPlatform.Extensions.EventLogCollector.dll
C:\Program Files\dotnet\sdk\8.0.401\Extensions\Microsoft.TestPlatform.TestHostRuntimeProvider.dll
C:\Program Files\dotnet\sdk\8.0.401\Extensions\Microsoft.VisualStudio.TestPlatform.Extensions.Html.TestLogger.dll
C:\Program Files\dotnet\sdk\8.0.401\Extensions\Microsoft.VisualStudio.TestPlatform.Extensions.Trx.TestLogger.dll
TpTrace Verbose: 0 : 13996, 5, 2024/10/05, 14:58:31.676, 1343657125828, vstest.console.dll, TestPluginCache.GetExtensionPaths: Added unfilterableExtensionPaths: 
TpTrace Verbose: 0 : 13996, 5, 2024/10/05, 14:58:31.679, 1343657152755, vstest.console.dll, TestRequestSender.InitializeExecution: Sending initialize execution with message: {"Version":7,"MessageType":"TestExecution.Initialize","Payload":["C:\\Users\\sunny.bejugam\\DotNetWorkspace\\BlueTreeApp\\CheckoutKataApp.Tests\\bin\\Debug\\net8.0\\fine-code-coverage\\build-output\\NUnit3.TestAdapter.dll"]}
TpTrace Verbose: 0 : 13996, 5, 2024/10/05, 14:58:31.679, 1343657154354, vstest.console.dll, ParallelProxyExecutionManager.StartTestRunOnConcurrentManager: Execution starting. Started clients: 1
TpTrace Verbose: 0 : 13996, 5, 2024/10/05, 14:58:31.679, 1343657156494, vstest.console.dll, TestRunRequest:SendTestRunMessage: Starting.
TpTrace Verbose: 0 : 13996, 5, 2024/10/05, 14:58:31.679, 1343657157989, vstest.console.dll, MulticastDelegateUtilities.SafeInvoke: TestRun.LogMessages: Invoking callback 1/1 for Microsoft.VisualStudio.TestPlatform.CommandLine.TestRunResultAggregator., took 0 ms.
TpTrace Information: 0 : 13996, 5, 2024/10/05, 14:58:31.679, 1343657158595, vstest.console.dll, TestRunRequest:SendTestRunMessage: Completed.
TpTrace Verbose: 0 : 13996, 4, 2024/10/05, 14:58:31.679, 1343657160146, vstest.console.dll, MulticastDelegateUtilities.SafeInvoke: InternalTestLoggerEvents.SendTestRunMessage: Invoking callback 1/1 for Microsoft.VisualStudio.TestPlatform.CommandLine.Internal.ConsoleLogger., took 0 ms.
TpTrace Verbose: 0 : 13996, 14, 2024/10/05, 14:58:31.679, 1343657160966, vstest.console.dll, TcpClientExtensions.MessageLoopAsync: NotifyDataAvailable remoteEndPoint: 127.0.0.1:55757 localEndPoint: 127.0.0.1:55756
TpTrace Warning: 0 : 13996, 5, 2024/10/05, 14:58:31.680, 1343657163395, vstest.console.dll, InferRunSettingsHelper.MakeRunsettingsCompatible: Removing the following settings: TargetPlatform from RunSettings file. To use those settings please move to latest version of Microsoft.NET.Test.Sdk
TpTrace Verbose: 0 : 13996, 14, 2024/10/05, 14:58:31.680, 1343657169078, vstest.console.dll, TestRequestSender.OnExecutionMessageReceived: Received message: {"Version":7,"MessageType":"TestSession.Message","Payload":{"MessageLevel":0,"Message":"Logging TestHost Diagnostics in file: C:\\Users\\sunny.bejugam\\DotNetWorkspace\\BlueTreeApp\\CheckoutKataApp.Tests\\bin\\Debug\\net8.0\\fine-code-coverage\\coverage-tool-output\\diagnostics.host.24-10-05_14-58-31_27341_5.log"}}
TpTrace Verbose: 0 : 13996, 14, 2024/10/05, 14:58:31.684, 1343657206417, vstest.console.dll, TestRunRequest:SendTestRunMessage: Starting.
TpTrace Verbose: 0 : 13996, 14, 2024/10/05, 14:58:31.684, 1343657208046, vstest.console.dll, MulticastDelegateUtilities.SafeInvoke: TestRun.LogMessages: Invoking callback 1/1 for Microsoft.VisualStudio.TestPlatform.CommandLine.TestRunResultAggregator., took 0 ms.
TpTrace Verbose: 0 : 13996, 4, 2024/10/05, 14:58:31.684, 1343657208564, vstest.console.dll, MulticastDelegateUtilities.SafeInvoke: InternalTestLoggerEvents.SendTestRunMessage: Invoking callback 1/1 for Microsoft.VisualStudio.TestPlatform.CommandLine.Internal.ConsoleLogger., took 0 ms.
TpTrace Information: 0 : 13996, 14, 2024/10/05, 14:58:31.684, 1343657208643, vstest.console.dll, TestRunRequest:SendTestRunMessage: Completed.
TpTrace Verbose: 0 : 13996, 14, 2024/10/05, 14:58:31.684, 1343657210884, vstest.console.dll, MulticastDelegateUtilities.SafeInvoke: LengthPrefixCommunicationChannel: MessageReceived: Invoking callback 1/1 for Microsoft.VisualStudio.TestPlatform.CommunicationUtilities.TestRequestSender+<>c__DisplayClass34_0., took 4 ms.
TpTrace Verbose: 0 : 13996, 14, 2024/10/05, 14:58:31.685, 1343657211461, vstest.console.dll, TcpClientExtensions.MessageLoopAsync: Polling on remoteEndPoint: 127.0.0.1:55757 localEndPoint: 127.0.0.1:55756 after 8 ms
TpTrace Verbose: 0 : 13996, 5, 2024/10/05, 14:58:31.687, 1343657232456, vstest.console.dll, TestRequestSender.StartTestRun: Sending test run with message: {"Version":7,"MessageType":"TestExecution.StartWithSources","Payload":{"AdapterSourceMap":{"_none_":["C:\\Users\\sunny.bejugam\\DotNetWorkspace\\BlueTreeApp\\CheckoutKataApp.Tests\\bin\\Debug\\net8.0\\fine-code-coverage\\build-output\\CheckoutKataApp.Tests.dll"]},"RunSettings":"<RunSettings>\r\n  <RunConfiguration>\r\n    <ResultsDirectory>C:\\Users\\sunny.bejugam\\DotNetWorkspace\\BlueTreeApp\\CheckoutKataApp.Tests\\bin\\Debug\\net8.0\\fine-code-coverage\\coverage-tool-output</ResultsDirectory>\r\n    <TargetFrameworkVersion>.NETCoreApp,Version=v8.0</TargetFrameworkVersion>\r\n    <DesignMode>False</DesignMode>\r\n    <CollectSourceInformation>False</CollectSourceInformation>\r\n  </RunConfiguration>\r\n  <LoggerRunSettings>\r\n    <Loggers>\r\n      <Logger friendlyName=\"blame\" enabled=\"True\" />\r\n      <Logger friendlyName=\"Console\" uri=\"logger://microsoft/TestPlatform/ConsoleLogger/v1\" assemblyQualifiedName=\"Microsoft.VisualStudio.TestPlatform.CommandLine.Internal.ConsoleLogger, vstest.console, Version=15.0.0.0, Culture=neutral, PublicKeyToken=b03f5f7f11d50a3a\" codeBase=\"C:\\Program Files\\dotnet\\sdk\\8.0.401\\vstest.console.dll\" enabled=\"True\" />\r\n    </Loggers>\r\n  </LoggerRunSettings>\r\n  <DataCollectionRunSettings>\r\n    <DataCollectors>\r\n      <DataCollector friendlyName=\"blame\" enabled=\"True\">\r\n        <Configuration>\r\n          <ResultsDirectory>C:\\Users\\sunny.bejugam\\DotNetWorkspace\\BlueTreeApp\\CheckoutKataApp.Tests\\bin\\Debug\\net8.0\\fine-code-coverage\\coverage-tool-output</ResultsDirectory>\r\n        </Configuration>\r\n      </DataCollector>\r\n    </DataCollectors>\r\n  </DataCollectionRunSettings>\r\n</RunSettings>","TestExecutionContext":{"FrequencyOfRunStatsChangeEvent":10,"RunStatsChangeEventTimeout":"00:00:01.5000000","InIsolation":false,"KeepAlive":false,"AreTestCaseLevelEventsRequired":false,"IsDebug":false,"TestCaseFilter":null,"FilterOptions":null},"Package":null}}
TpTrace Verbose: 0 : 13996, 5, 2024/10/05, 14:58:31.687, 1343657234082, vstest.console.dll, ParallelProxyExecutionManager.StartTestRunOnConcurrentManager: Execution started. Started clients: 1
TpTrace Verbose: 0 : 13996, 14, 2024/10/05, 14:58:31.864, 1343659009898, vstest.console.dll, TcpClientExtensions.MessageLoopAsync: NotifyDataAvailable remoteEndPoint: 127.0.0.1:55757 localEndPoint: 127.0.0.1:55756
TpTrace Verbose: 0 : 13996, 14, 2024/10/05, 14:58:31.865, 1343659011826, vstest.console.dll, TestRequestSender.OnExecutionMessageReceived: Received message: {"Version":7,"MessageType":"TestSession.Message","Payload":{"MessageLevel":0,"Message":"NUnit Adapter 4.5.0.0: Test execution started"}}
TpTrace Verbose: 0 : 13996, 14, 2024/10/05, 14:58:31.865, 1343659013652, vstest.console.dll, TestRunRequest:SendTestRunMessage: Starting.
TpTrace Verbose: 0 : 13996, 14, 2024/10/05, 14:58:31.865, 1343659014468, vstest.console.dll, MulticastDelegateUtilities.SafeInvoke: TestRun.LogMessages: Invoking callback 1/1 for Microsoft.VisualStudio.TestPlatform.CommandLine.TestRunResultAggregator., took 0 ms.
TpTrace Information: 0 : 13996, 14, 2024/10/05, 14:58:31.865, 1343659014986, vstest.console.dll, TestRunRequest:SendTestRunMessage: Completed.
TpTrace Verbose: 0 : 13996, 4, 2024/10/05, 14:58:31.865, 1343659015101, vstest.console.dll, MulticastDelegateUtilities.SafeInvoke: InternalTestLoggerEvents.SendTestRunMessage: Invoking callback 1/1 for Microsoft.VisualStudio.TestPlatform.CommandLine.Internal.ConsoleLogger., took 0 ms.
TpTrace Verbose: 0 : 13996, 14, 2024/10/05, 14:58:31.865, 1343659015567, vstest.console.dll, MulticastDelegateUtilities.SafeInvoke: LengthPrefixCommunicationChannel: MessageReceived: Invoking callback 1/1 for Microsoft.VisualStudio.TestPlatform.CommunicationUtilities.TestRequestSender+<>c__DisplayClass34_0., took 0 ms.
TpTrace Verbose: 0 : 13996, 14, 2024/10/05, 14:58:31.865, 1343659017044, vstest.console.dll, TcpClientExtensions.MessageLoopAsync: Polling on remoteEndPoint: 127.0.0.1:55757 localEndPoint: 127.0.0.1:55756 after 180 ms
TpTrace Verbose: 0 : 13996, 14, 2024/10/05, 14:58:31.898, 1343659343583, vstest.console.dll, TcpClientExtensions.MessageLoopAsync: NotifyDataAvailable remoteEndPoint: 127.0.0.1:55757 localEndPoint: 127.0.0.1:55756
TpTrace Verbose: 0 : 13996, 14, 2024/10/05, 14:58:31.898, 1343659345487, vstest.console.dll, TestRequestSender.OnExecutionMessageReceived: Received message: {"Version":7,"MessageType":"TestSession.Message","Payload":{"MessageLevel":0,"Message":"Running all tests in C:\\Users\\sunny.bejugam\\DotNetWorkspace\\BlueTreeApp\\CheckoutKataApp.Tests\\bin\\Debug\\net8.0\\fine-code-coverage\\build-output\\CheckoutKataApp.Tests.dll"}}
TpTrace Verbose: 0 : 13996, 14, 2024/10/05, 14:58:31.898, 1343659347103, vstest.console.dll, TestRunRequest:SendTestRunMessage: Starting.
TpTrace Verbose: 0 : 13996, 14, 2024/10/05, 14:58:31.898, 1343659348449, vstest.console.dll, MulticastDelegateUtilities.SafeInvoke: TestRun.LogMessages: Invoking callback 1/1 for Microsoft.VisualStudio.TestPlatform.CommandLine.TestRunResultAggregator., took 0 ms.
TpTrace Information: 0 : 13996, 14, 2024/10/05, 14:58:31.898, 1343659349148, vstest.console.dll, TestRunRequest:SendTestRunMessage: Completed.
TpTrace Verbose: 0 : 13996, 14, 2024/10/05, 14:58:31.898, 1343659349856, vstest.console.dll, MulticastDelegateUtilities.SafeInvoke: LengthPrefixCommunicationChannel: MessageReceived: Invoking callback 1/1 for Microsoft.VisualStudio.TestPlatform.CommunicationUtilities.TestRequestSender+<>c__DisplayClass34_0., took 0 ms.
TpTrace Verbose: 0 : 13996, 4, 2024/10/05, 14:58:31.898, 1343659350158, vstest.console.dll, MulticastDelegateUtilities.SafeInvoke: InternalTestLoggerEvents.SendTestRunMessage: Invoking callback 1/1 for Microsoft.VisualStudio.TestPlatform.CommandLine.Internal.ConsoleLogger., took 0 ms.
TpTrace Verbose: 0 : 13996, 14, 2024/10/05, 14:58:31.899, 1343659351342, vstest.console.dll, TcpClientExtensions.MessageLoopAsync: Polling on remoteEndPoint: 127.0.0.1:55757 localEndPoint: 127.0.0.1:55756 after 33 ms
TpTrace Verbose: 0 : 13996, 14, 2024/10/05, 14:58:32.046, 1343660822837, vstest.console.dll, TcpClientExtensions.MessageLoopAsync: NotifyDataAvailable remoteEndPoint: 127.0.0.1:55757 localEndPoint: 127.0.0.1:55756
TpTrace Verbose: 0 : 13996, 14, 2024/10/05, 14:58:32.046, 1343660824982, vstest.console.dll, TestRequestSender.OnExecutionMessageReceived: Received message: {"Version":7,"MessageType":"TestSession.Message","Payload":{"MessageLevel":0,"Message":"   NUnit3TestExecutor discovered 3 of 3 NUnit test cases using Current Discovery mode, Non-Explicit run"}}
TpTrace Verbose: 0 : 13996, 14, 2024/10/05, 14:58:32.046, 1343660826832, vstest.console.dll, TestRunRequest:SendTestRunMessage: Starting.
TpTrace Verbose: 0 : 13996, 14, 2024/10/05, 14:58:32.046, 1343660827866, vstest.console.dll, MulticastDelegateUtilities.SafeInvoke: TestRun.LogMessages: Invoking callback 1/1 for Microsoft.VisualStudio.TestPlatform.CommandLine.TestRunResultAggregator., took 0 ms.
TpTrace Verbose: 0 : 13996, 4, 2024/10/05, 14:58:32.046, 1343660828090, vstest.console.dll, MulticastDelegateUtilities.SafeInvoke: InternalTestLoggerEvents.SendTestRunMessage: Invoking callback 1/1 for Microsoft.VisualStudio.TestPlatform.CommandLine.Internal.ConsoleLogger., took 0 ms.
TpTrace Information: 0 : 13996, 14, 2024/10/05, 14:58:32.046, 1343660828751, vstest.console.dll, TestRunRequest:SendTestRunMessage: Completed.
TpTrace Verbose: 0 : 13996, 14, 2024/10/05, 14:58:32.046, 1343660830229, vstest.console.dll, MulticastDelegateUtilities.SafeInvoke: LengthPrefixCommunicationChannel: MessageReceived: Invoking callback 1/1 for Microsoft.VisualStudio.TestPlatform.CommunicationUtilities.TestRequestSender+<>c__DisplayClass34_0., took 0 ms.
TpTrace Verbose: 0 : 13996, 14, 2024/10/05, 14:58:32.046, 1343660830949, vstest.console.dll, TcpClientExtensions.MessageLoopAsync: Polling on remoteEndPoint: 127.0.0.1:55757 localEndPoint: 127.0.0.1:55756 after 147 ms
TpTrace Verbose: 0 : 13996, 14, 2024/10/05, 14:58:32.179, 1343662152469, vstest.console.dll, TcpClientExtensions.MessageLoopAsync: NotifyDataAvailable remoteEndPoint: 127.0.0.1:55757 localEndPoint: 127.0.0.1:55756
TpTrace Verbose: 0 : 13996, 14, 2024/10/05, 14:58:32.179, 1343662154446, vstest.console.dll, TestRequestSender.OnExecutionMessageReceived: Received message: {"Version":7,"MessageType":"TestSession.Message","Payload":{"MessageLevel":0,"Message":"NUnit Adapter 4.5.0.0: Test execution complete"}}
TpTrace Verbose: 0 : 13996, 14, 2024/10/05, 14:58:32.179, 1343662156192, vstest.console.dll, TestRunRequest:SendTestRunMessage: Starting.
TpTrace Verbose: 0 : 13996, 14, 2024/10/05, 14:58:32.179, 1343662157119, vstest.console.dll, MulticastDelegateUtilities.SafeInvoke: TestRun.LogMessages: Invoking callback 1/1 for Microsoft.VisualStudio.TestPlatform.CommandLine.TestRunResultAggregator., took 0 ms.
TpTrace Verbose: 0 : 13996, 4, 2024/10/05, 14:58:32.179, 1343662157376, vstest.console.dll, MulticastDelegateUtilities.SafeInvoke: InternalTestLoggerEvents.SendTestRunMessage: Invoking callback 1/1 for Microsoft.VisualStudio.TestPlatform.CommandLine.Internal.ConsoleLogger., took 0 ms.
TpTrace Information: 0 : 13996, 14, 2024/10/05, 14:58:32.179, 1343662157858, vstest.console.dll, TestRunRequest:SendTestRunMessage: Completed.
TpTrace Verbose: 0 : 13996, 14, 2024/10/05, 14:58:32.179, 1343662159574, vstest.console.dll, MulticastDelegateUtilities.SafeInvoke: LengthPrefixCommunicationChannel: MessageReceived: Invoking callback 1/1 for Microsoft.VisualStudio.TestPlatform.CommunicationUtilities.TestRequestSender+<>c__DisplayClass34_0., took 0 ms.
TpTrace Verbose: 0 : 13996, 14, 2024/10/05, 14:58:32.179, 1343662160409, vstest.console.dll, TcpClientExtensions.MessageLoopAsync: Polling on remoteEndPoint: 127.0.0.1:55757 localEndPoint: 127.0.0.1:55756 after 132 ms
TpTrace Verbose: 0 : 13996, 14, 2024/10/05, 14:58:32.221, 1343662572766, vstest.console.dll, TcpClientExtensions.MessageLoopAsync: NotifyDataAvailable remoteEndPoint: 127.0.0.1:55757 localEndPoint: 127.0.0.1:55756
TpTrace Verbose: 0 : 13996, 14, 2024/10/05, 14:58:32.221, 1343662575898, vstest.console.dll, TestRequestSender.OnExecutionMessageReceived: Received message: {"Version":7,"MessageType":"TestExecution.Completed","Payload":{"TestRunCompleteArgs":{"TestRunStatistics":{"ExecutedTests":3,"Stats":{"Passed":3}},"IsCanceled":false,"IsAborted":false,"Error":null,"AttachmentSets":[],"InvokedDataCollectors":[],"ElapsedTimeInRunningTests":"00:00:00.3520581","Metrics":{},"DiscoveredExtensions":{"TestDiscoverers":["NUnit.VisualStudio.TestAdapter.NUnit3TestDiscoverer, NUnit3.TestAdapter, Version=4.5.0.0, Culture=neutral, PublicKeyToken=4cb40d35494691ac"],"TestExecutors":["executor://NUnit3TestExecutor"],"TestExecutors2":[],"TestSettingsProviders":[]}},"LastRunTests":{"NewTestResults":[{"TestCase":{"Id":"55661be2-8d4d-e6ff-e32d-5231de221887","FullyQualifiedName":"CheckoutKataApp.Tests.CheckoutTests.Scan_MultipleItesmsWithOutOffer_ReturnsTheCorrectTotalPrice","DisplayName":"Scan_MultipleItesmsWithOutOffer_ReturnsTheCorrectTotalPrice","ExecutorUri":"executor://NUnit3TestExecutor","Source":"C:\\Users\\sunny.bejugam\\DotNetWorkspace\\BlueTreeApp\\CheckoutKataApp.Tests\\bin\\Debug\\net8.0\\fine-code-coverage\\build-output\\CheckoutKataApp.Tests.dll","CodeFilePath":null,"LineNumber":0,"Properties":[{"Key":{"Id":"NUnit.Seed","Label":"Seed","Category":"","Description":"","Attributes":0,"ValueType":"System.String"},"Value":"2071543211"}]},"Attachments":[],"Outcome":1,"ErrorMessage":null,"ErrorStackTrace":null,"DisplayName":"Scan_MultipleItesmsWithOutOffer_ReturnsTheCorrectTotalPrice","Messages":[],"ComputerName":"LAPLDS16098","Duration":"00:00:00.0145060","StartTime":"2024-10-05T13:58:32.0783356+00:00","EndTime":"2024-10-05T13:58:32.0927062+00:00","Properties":[{"Key":{"Id":"NUnit.Seed","Label":"Seed","Category":"","Description":"","Attributes":0,"ValueType":"System.String"},"Value":"2071543211"}]},{"TestCase":{"Id":"2be5b289-e198-b43b-52bf-365da06611f1","FullyQualifiedName":"CheckoutKataApp.Tests.CheckoutTests.Scan_MultupleItemsWithOffer_ReturnsTheCorrectTotalPrice","DisplayName":"Scan_MultupleItemsWithOffer_ReturnsTheCorrectTotalPrice","ExecutorUri":"executor://NUnit3TestExecutor","Source":"C:\\Users\\sunny.bejugam\\DotNetWorkspace\\BlueTreeApp\\CheckoutKataApp.Tests\\bin\\Debug\\net8.0\\fine-code-coverage\\build-output\\CheckoutKataApp.Tests.dll","CodeFilePath":null,"LineNumber":0,"Properties":[{"Key":{"Id":"NUnit.Seed","Label":"Seed","Category":"","Description":"","Attributes":0,"ValueType":"System.String"},"Value":"583893326"}]},"Attachments":[],"Outcome":1,"ErrorMessage":null,"ErrorStackTrace":null,"DisplayName":"Scan_MultupleItemsWithOffer_ReturnsTheCorrectTotalPrice","Messages":[],"ComputerName":"LAPLDS16098","Duration":"00:00:00.0002760","StartTime":"2024-10-05T13:58:32.0947344+00:00","EndTime":"2024-10-05T13:58:32.0950101+00:00","Properties":[{"Key":{"Id":"NUnit.Seed","Label":"Seed","Category":"","Description":"","Attributes":0,"ValueType":"System.String"},"Value":"583893326"}]},{"TestCase":{"Id":"2c9488ff-b98f-a97c-9f69-cd5cfd4ccaf1","FullyQualifiedName":"CheckoutKataApp.Tests.CheckoutTests.Scan_SingleItem_ReturnsTheCorrectPrice","DisplayName":"Scan_SingleItem_ReturnsTheCorrectPrice","ExecutorUri":"executor://NUnit3TestExecutor","Source":"C:\\Users\\sunny.bejugam\\DotNetWorkspace\\BlueTreeApp\\CheckoutKataApp.Tests\\bin\\Debug\\net8.0\\fine-code-coverage\\build-output\\CheckoutKataApp.Tests.dll","CodeFilePath":null,"LineNumber":0,"Properties":[{"Key":{"Id":"NUnit.Seed","Label":"Seed","Category":"","Description":"","Attributes":0,"ValueType":"System.String"},"Value":"751850594"}]},"Attachments":[],"Outcome":1,"ErrorMessage":null,"ErrorStackTrace":null,"DisplayName":"Scan_SingleItem_ReturnsTheCorrectPrice","Messages":[],"ComputerName":"LAPLDS16098","Duration":"00:00:00.0001320","StartTime":"2024-10-05T13:58:32.0950334+00:00","EndTime":"2024-10-05T13:58:32.0951651+00:00","Properties":[{"Key":{"Id":"NUnit.Seed","Label":"Seed","Category":"","Description":"","Attributes":0,"ValueType":"System.String"},"Value":"751850594"}]}],"TestRunStatistics":{"ExecutedTests":3,"Stats":{"Passed":3}},"ActiveTests":[]},"RunAttachments":[],"ExecutorUris":["executor://nunit3testexecutor/"]}}
TpTrace Verbose: 0 : 13996, 14, 2024/10/05, 14:58:32.221, 1343662577828, vstest.console.dll, TestRequestSender.EndSession: Sending end session.
TpTrace Verbose: 0 : 13996, 14, 2024/10/05, 14:58:32.221, 1343662579766, vstest.console.dll, ProxyOperationManager.Close: waiting for test host to exit for 100 ms
TpTrace Warning: 0 : 13996, 11, 2024/10/05, 14:58:32.236, 1343662724601, vstest.console.dll, TestHostManagerCallbacks.ErrorReceivedCallback Test host standard error line: 
TpTrace Verbose: 0 : 13996, 12, 2024/10/05, 14:58:32.236, 1343662724603, vstest.console.dll, TestHostManagerCallbacks.StandardOutputReceivedCallback Test host standard output line: 
TpTrace Verbose: 0 : 13996, 12, 2024/10/05, 14:58:32.245, 1343662821021, vstest.console.dll, TestHostProvider.ExitCallBack: Host exited starting callback.
TpTrace Information: 0 : 13996, 12, 2024/10/05, 14:58:32.246, 1343662822687, vstest.console.dll, TestHostManagerCallbacks.ExitCallBack: Testhost processId: 11912 exited with exitcode: 0 error: ''
TpTrace Verbose: 0 : 13996, 12, 2024/10/05, 14:58:32.246, 1343662823289, vstest.console.dll, DotnetTestHostManager.OnHostExited: invoking OnHostExited callback
TpTrace Verbose: 0 : 13996, 12, 2024/10/05, 14:58:32.246, 1343662823926, vstest.console.dll, CrossPlatEngine.TestHostManagerHostExited: calling on client process exit callback.
TpTrace Information: 0 : 13996, 12, 2024/10/05, 14:58:32.246, 1343662824699, vstest.console.dll, TestRequestSender.OnClientProcessExit: Test host process exited. Standard error: 
TpTrace Information: 0 : 13996, 12, 2024/10/05, 14:58:32.246, 1343662825207, vstest.console.dll, SocketServer.Stop: Stop server endPoint: 127.0.0.1:55756
TpTrace Information: 0 : 13996, 14, 2024/10/05, 14:58:32.246, 1343662825360, vstest.console.dll, SocketServer.Stop: Stop server endPoint: 127.0.0.1:55756
TpTrace Information: 0 : 13996, 12, 2024/10/05, 14:58:32.246, 1343662825664, vstest.console.dll, SocketServer.Stop: Cancellation requested. Stopping message loop.
TpTrace Information: 0 : 13996, 14, 2024/10/05, 14:58:32.246, 1343662826394, vstest.console.dll, SocketServer.Stop: Cancellation requested. Stopping message loop.
TpTrace Verbose: 0 : 13996, 12, 2024/10/05, 14:58:32.246, 1343662827850, vstest.console.dll, MulticastDelegateUtilities.SafeInvoke: HostProviderEvents.OnHostExited: Invoking callback 1/1 for Microsoft.VisualStudio.TestPlatform.CrossPlatEngine.Client.ProxyOperationManager., took 0 ms.
TpTrace Information: 0 : 13996, 14, 2024/10/05, 14:58:32.246, 1343662827969, vstest.console.dll, Closing the connection
TpTrace Verbose: 0 : 13996, 14, 2024/10/05, 14:58:32.247, 1343662831319, vstest.console.dll, ProxyDataCollectionManager.InvokeDataCollectionServiceAction: Starting.
TpTrace Information: 0 : 13996, 14, 2024/10/05, 14:58:32.247, 1343662831916, vstest.console.dll, ProxyDataCollectionManager.AfterTestRunEnd: Get attachment set and invoked data collectors processId: 32920 port: 55753
TpTrace Verbose: 0 : 13996, 14, 2024/10/05, 14:58:32.247, 1343662832502, vstest.console.dll, DataCollectionRequestSender.SendAfterTestRunStartAndGetResult: Send AfterTestRunEnd message with isCancelled: False
TpTrace Verbose: 0 : 13996, 14, 2024/10/05, 14:58:32.253, 1343662896883, vstest.console.dll, DataCollectionRequestSender.SendAfterTestRunStartAndGetResult: Received message: (DataCollection.AfterTestRunEndResult) -> {"MessageType":"DataCollection.AfterTestRunEndResult","Payload":{"AttachmentSets":[],"InvokedDataCollectors":[{"Uri":"datacollector://Microsoft/TestPlatform/Extensions/Blame/v1","FriendlyName":"Blame","AssemblyQualifiedName":"Microsoft.TestPlatform.Extensions.BlameDataCollector.BlameCollector, Microsoft.TestPlatform.Extensions.BlameDataCollector, Version=15.0.0.0, Culture=neutral, PublicKeyToken=b03f5f7f11d50a3a","FilePath":"C:\\Program Files\\dotnet\\sdk\\8.0.401\\Extensions\\Microsoft.TestPlatform.Extensions.BlameDataCollector.dll","HasAttachmentProcessor":false}],"Metrics":{}}}
TpTrace Warning: 0 : 13996, 10, 2024/10/05, 14:58:32.260, 1343662966644, vstest.console.dll, DataCollectionLauncher.ErrorReceivedCallback datacollector standard error line: 
TpTrace Information: 0 : 13996, 14, 2024/10/05, 14:58:32.261, 1343662980329, vstest.console.dll, ProxyDataCollectionManager.InvokeDataCollectionServiceAction: Completed.
TpTrace Information: 0 : 13996, 10, 2024/10/05, 14:58:32.267, 1343663036223, vstest.console.dll, DataCollectionLauncher.ExitCallBack: Data collector exited with exitcode: 0 error: ''
TpTrace Verbose: 0 : 13996, 14, 2024/10/05, 14:58:32.323, 1343663591735, vstest.console.dll, TestRunRequest:SendTestRunStatsChange: Starting.
TpTrace Verbose: 0 : 13996, 14, 2024/10/05, 14:58:32.323, 1343663594254, vstest.console.dll, MulticastDelegateUtilities.SafeInvoke: TestRun.RunStatsChanged: Invoking callbacks was skipped because there are no subscribers.
TpTrace Information: 0 : 13996, 14, 2024/10/05, 14:58:32.323, 1343663594792, vstest.console.dll, TestRunRequest:SendTestRunStatsChange: Completed.
TpTrace Verbose: 0 : 13996, 14, 2024/10/05, 14:58:32.323, 1343663597855, vstest.console.dll, ParallelProxyExecutionManager: HandlePartialRunComplete: Total workloads = 1, Total started clients = 1 Total completed clients = 1, Run complete = True, Run canceled: False.
TpTrace Verbose: 0 : 13996, 14, 2024/10/05, 14:58:32.323, 1343663598413, vstest.console.dll, ParallelProxyExecutionManager: HandlePartialRunComplete: All runs completed stopping all managers.
TpTrace Verbose: 0 : 13996, 14, 2024/10/05, 14:58:32.323, 1343663598918, vstest.console.dll, ParallelOperationManager.StopAllManagers: Stopping all managers.
TpTrace Verbose: 0 : 13996, 14, 2024/10/05, 14:58:32.323, 1343663599352, vstest.console.dll, ParallelOperationManager.ClearSlots: Clearing all slots. Slots should accept more work: False
TpTrace Verbose: 0 : 13996, 14, 2024/10/05, 14:58:32.323, 1343663599844, vstest.console.dll, ParallelOperationManager.SetOccupiedSlotCount: Setting slot counts AvailableSlotCount = 1, OccupiedSlotCount = 0.
TpTrace Verbose: 0 : 13996, 14, 2024/10/05, 14:58:32.323, 1343663600442, vstest.console.dll, Occupied slots:

TpTrace Verbose: 0 : 13996, 4, 2024/10/05, 14:58:32.324, 1343663607734, vstest.console.dll, MulticastDelegateUtilities.SafeInvoke: InternalTestLoggerEvents.SendTestResult: Invoking callback 1/1 for Microsoft.VisualStudio.TestPlatform.CommandLine.Internal.ConsoleLogger., took 1 ms.
TpTrace Verbose: 0 : 13996, 4, 2024/10/05, 14:58:32.324, 1343663610509, vstest.console.dll, MulticastDelegateUtilities.SafeInvoke: InternalTestLoggerEvents.SendTestResult: Invoking callback 1/1 for Microsoft.VisualStudio.TestPlatform.CommandLine.Internal.ConsoleLogger., took 0 ms.
TpTrace Verbose: 0 : 13996, 4, 2024/10/05, 14:58:32.325, 1343663611326, vstest.console.dll, MulticastDelegateUtilities.SafeInvoke: InternalTestLoggerEvents.SendTestResult: Invoking callback 1/1 for Microsoft.VisualStudio.TestPlatform.CommandLine.Internal.ConsoleLogger., took 0 ms.
TpTrace Verbose: 0 : 13996, 4, 2024/10/05, 14:58:32.331, 1343663674147, vstest.console.dll, MulticastDelegateUtilities.SafeInvoke: InternalTestLoggerEvents.SendTestRunComplete: Invoking callback 1/2 for Microsoft.TestPlatform.Extensions.BlameDataCollector.BlameLogger., took 0 ms.
TpTrace Verbose: 0 : 13996, 4, 2024/10/05, 14:58:32.337, 1343663731425, vstest.console.dll, MulticastDelegateUtilities.SafeInvoke: InternalTestLoggerEvents.SendTestRunComplete: Invoking callback 2/2 for Microsoft.VisualStudio.TestPlatform.CommandLine.Internal.ConsoleLogger., took 5 ms.
TpTrace Verbose: 0 : 13996, 14, 2024/10/05, 14:58:32.337, 1343663735056, vstest.console.dll, TestRunRequest:TestRunComplete: Starting. IsAborted:False IsCanceled:False.
TpTrace Verbose: 0 : 13996, 14, 2024/10/05, 14:58:32.337, 1343663737206, vstest.console.dll, ParallelOperationManager.DoActionOnAllManagers: Calling an action on all managers.
TpTrace Verbose: 0 : 13996, 14, 2024/10/05, 14:58:32.338, 1343663748796, vstest.console.dll, TestLoggerManager.HandleTestRunComplete: Ignoring as the object is disposed.
TpTrace Verbose: 0 : 13996, 14, 2024/10/05, 14:58:32.338, 1343663751095, vstest.console.dll, MulticastDelegateUtilities.SafeInvoke: TestRun.TestRunComplete: Invoking callback 1/2 for Microsoft.VisualStudio.TestPlatform.CommandLine.TestRunResultAggregator., took 0 ms.
TpTrace Verbose: 0 : 13996, 14, 2024/10/05, 14:58:32.339, 1343663752378, vstest.console.dll, MulticastDelegateUtilities.SafeInvoke: TestRun.TestRunComplete: Invoking callback 2/2 for Microsoft.VisualStudio.TestPlatform.CommandLine.Processors.RunTestsArgumentExecutor+TestRunRequestEventsRegistrar., took 0 ms.
TpTrace Information: 0 : 13996, 14, 2024/10/05, 14:58:32.339, 1343663753423, vstest.console.dll, TestRunRequest:TestRunComplete: Completed.
TpTrace Verbose: 0 : 13996, 1, 2024/10/05, 14:58:32.339, 1343663753694, vstest.console.dll, TestRunRequest.Dispose: Starting.
TpTrace Verbose: 0 : 13996, 14, 2024/10/05, 14:58:32.339, 1343663754007, vstest.console.dll, TestRequestSender.SetOperationComplete: Setting operation complete.
TpTrace Information: 0 : 13996, 1, 2024/10/05, 14:58:32.339, 1343663754689, vstest.console.dll, TestRunRequest.Dispose: Completed.
TpTrace Information: 0 : 13996, 14, 2024/10/05, 14:58:32.339, 1343663755288, vstest.console.dll, SocketServer.Stop: Stop server endPoint: 127.0.0.1:55756
TpTrace Information: 0 : 13996, 1, 2024/10/05, 14:58:32.339, 1343663756025, vstest.console.dll, TestRequestManager.RunTests: run tests completed.
TpTrace Information: 0 : 13996, 14, 2024/10/05, 14:58:32.339, 1343663757008, vstest.console.dll, SocketServer.Stop: Cancellation requested. Stopping message loop.
TpTrace Information: 0 : 13996, 1, 2024/10/05, 14:58:32.339, 1343663757249, vstest.console.dll, RunTestsArgumentProcessor:Execute: Test run is completed.
TpTrace Verbose: 0 : 13996, 14, 2024/10/05, 14:58:32.339, 1343663757754, vstest.console.dll, MulticastDelegateUtilities.SafeInvoke: LengthPrefixCommunicationChannel: MessageReceived: Invoking callback 1/1 for Microsoft.VisualStudio.TestPlatform.CommunicationUtilities.TestRequestSender+<>c__DisplayClass34_0., took 118 ms.
TpTrace Information: 0 : 13996, 14, 2024/10/05, 14:58:32.339, 1343663759175, vstest.console.dll, SocketServer.PrivateStop: Stopping server endPoint: 127.0.0.1:55756 error: 
TpTrace Verbose: 0 : 13996, 1, 2024/10/05, 14:58:32.339, 1343663760314, vstest.console.dll, Executor.Execute: Exiting with exit code of 0
TpTrace Verbose: 0 : 13996, 14, 2024/10/05, 14:58:32.340, 1343663763320, vstest.console.dll, LengthPrefixCommunicationChannel.Dispose: Dispose reader and writer.
TpTrace Information: 0 : 13996, 14, 2024/10/05, 14:58:32.340, 1343663764190, vstest.console.dll, SocketServer.Stop: Raise disconnected event endPoint: 127.0.0.1:55756 error: 
TpTrace Verbose: 0 : 13996, 14, 2024/10/05, 14:58:32.340, 1343663765119, vstest.console.dll, TestRequestSender: OnTestRunAbort: Operation is already complete. Skip error message.
TpTrace Verbose: 0 : 13996, 14, 2024/10/05, 14:58:32.340, 1343663765632, vstest.console.dll, MulticastDelegateUtilities.SafeInvoke: SocketServer: ClientDisconnected: Invoking callback 1/1 for Microsoft.VisualStudio.TestPlatform.CommunicationUtilities.TestRequestSender., took 0 ms.
TpTrace Verbose: 0 : 13996, 14, 2024/10/05, 14:58:32.340, 1343663766141, vstest.console.dll, TcpClientExtensions.MessageLoopAsync: exiting MessageLoopAsync remoteEndPoint: 127.0.0.1:55757 localEndPoint: 127.0.0.1:55756
